#
# There is insufficient memory for the Java Runtime Environment to continue.
# Native memory allocation (mmap) failed to map 61865984 bytes for G1 virtual space
# Possible reasons:
#   The system is out of physical RAM or swap space
#   The process is running with CompressedOops enabled, and the Java Heap may be blocking the growth of the native heap
# Possible solutions:
#   Reduce memory load on the system
#   Increase physical memory or swap space
#   Check if swap backing store is full
#   Decrease Java heap size (-Xmx/-Xms)
#   Decrease number of Java threads
#   Decrease Java thread stack sizes (-Xss)
#   Set larger code cache with -XX:ReservedCodeCacheSize=
#   JVM is running with Unscaled Compressed Oops mode in which the Java heap is
#     placed in the first 4GB address space. The Java Heap base address is the
#     maximum limit for the native heap growth. Please use -XX:HeapBaseMinAddress
#     to set the Java Heap base and to place the Java Heap above 4GB virtual address.
# This output file may be truncated or incomplete.
#
#  Out of Memory Error (os_windows.cpp:3559), pid=5316, tid=13128
#
# JRE version: OpenJDK Runtime Environment Temurin-17.0.7+7 (17.0.7+7) (build 17.0.7+7)
# Java VM: OpenJDK 64-Bit Server VM Temurin-17.0.7+7 (17.0.7+7, mixed mode, emulated-client, tiered, compressed oops, compressed class ptrs, g1 gc, windows-amd64)
# No core dump will be written. Minidumps are not enabled by default on client versions of Windows
#

---------------  S U M M A R Y ------------

Command Line: -Dcom.sun.management.jmxremote -Dcom.sun.management.jmxremote.port=57394 -Dcom.sun.management.jmxremote.authenticate=false -Dcom.sun.management.jmxremote.ssl=false -Djava.rmi.server.hostname=localhost -Dspring.jmx.enabled=true -Dmanagement.endpoints.jmx.exposure.include=* -Dspring.application.admin.enabled=true -XX:TieredStopAtLevel=1 -Dspring.boot.project.name=STARTBUY -Dfile.encoding=UTF-8 -XX:+ShowCodeDetailsInExceptionMessages com.sb.STARTBUY.StartbuyApplication --spring.output.ansi.enabled=always

Host: Intel(R) Core(TM) i5-7200U CPU @ 2.50GHz, 4 cores, 3G,  Windows 10 , 64 bit Build 19041 (10.0.19041.3155)
Time: Mon Aug 21 21:30:08 2023 Europe centrale (heure dld 19041 (10.0.19041.3155) elapsed time: 146.728479 seconds (0d 0h 2m 26s)

---------------  T H R E A D  ---------------

Current thread (0x00000218f2955040):  VMThread "VM Thread" [stack: 0x00000021be500000,0x00000021be600000] [id=13128]

Stack: [0x00000021be500000,0x00000021be600000]
Native frames: (J=compiled Java code, j=interpreted, Vv=VM code, C=native code)
V  [jvm.dll+0x67754a]
V  [jvm.dll+0x834304]
V  [jvm.dll+0x835aae]
V  [jvm.dll+0x836113]
V  [jvm.dll+0x24696f]
V  [jvm.dll+0x6743f9]
V  [jvm.dll+0x668c8a]
V  [jvm.dll+0x3061bb]
V  [jvm.dll+0x30d6a6]
V  [jvm.dll+0x35cece]
V  [jvm.dll+0x35d0ff]
V  [jvm.dll+0x2dd048]
V  [jvm.dll+0x2db20c]
V  [jvm.dll+0x2da7dc]
V  [jvm.dll+0x31e6db]
V  [jvm.dll+0x83a5bb]
V  [jvm.dll+0x83b2f4]
V  [jvm.dll+0x83b80c]
V  [jvm.dll+0x83bbe4]
V  [jvm.dll+0x83bcb0]
V  [jvm.dll+0x7e4e7a]
V  [jvm.dll+0x676395]
C  [ucrtbase.dll+0x21bb2]
C  [KERNEL32.DLL+0x17614]
C  [ntdll.dll+0x526b1]

VM_Operation (0x00000021bdefe5b0): G1CollectForAllocation, mode: safepoint, requested by thread 0x00000218f7670b60


---------------  P R O C E S S  ---------------

Threads class SMR info:
_java_thread_list=0x00000218f8954b90, length=36, elements={
0x00000218f295ac80, 0x00000218f295bff0, 0x00000218f299f130, 0x00000218f29a3a00,
0x00000218f29a4b50, 0x00000218f29a8f90, 0x00000218f29cc3c0, 0x00000218f2b387d0,
0x00000218f28fc4e0, 0x00000218f2cb7210, 0x00000218f70c7620, 0x00000218f70c5fa0,
0x00000218f7293e30, 0x00000218f775d460, 0x00000218f7671030, 0x00000218f766ee80,
0x00000218f766e9b0, 0x00000218f766f350, 0x00000218f766f820, 0x00000218f7671500,
0x00000218f766fcf0, 0x00000218f7670b60, 0x00000218f7670690, 0x00000218f76719d0,
0x00000218f76701c0, 0x00000218f766e010, 0x00000218f766e4e0, 0x00000218f902b8b0,
0x00000218f902b3e0, 0x00000218f902a570, 0x00000218f90253a0, 0x00000218f902aa40,
0x00000218f9027a20, 0x00000218f9024530, 0x00000218f902af10, 0x00000218f9024ed0
}

Java Threads: ( => current thread )
  0x00000218f295ac80 JavaThread "Reference Handler" daemon [_thread_blocked, id=1504, stack(0x00000021be600000,0x00000021be700000)]
  0x00000218f295bff0 JavaThread "Finalizer" daemon [_thread_blocked, id=15964, stack(0x00000021be700000,0x00000021be800000)]
  0x00000218f299f130 JavaThread "Signal Dispatcher" daemon [_thread_blocked, id=13092, stack(0x00000021be900000,0x00000021bea00000)]
  0x00000218f29a3a00 JavaThread "Attach Listener" daemon [_thread_blocked, id=16336, stack(0x00000021bea00000,0x00000021beb00000)]
  0x00000218f29a4b50 JavaThread "Service Thread" daemon [_thread_blocked, id=12252, stack(0x00000021beb00000,0x00000021bec00000)]
  0x00000218f29a8f90 JavaThread "Monitor Deflation Thread" daemon [_thread_blocked, id=4064, stack(0x00000021bec00000,0x00000021bed00000)]
  0x00000218f29cc3c0 JavaThread "C1 CompilerThread0" daemon [_thread_blocked, id=15192, stack(0x00000021bed00000,0x00000021bee00000)]
  0x00000218f2b387d0 JavaThread "Sweeper thread" daemon [_thread_blocked, id=6208, stack(0x00000021bee00000,0x00000021bef00000)]
  0x00000218f28fc4e0 JavaThread "Common-Cleaner" daemon [_thread_blocked, id=8084, stack(0x00000021bef00000,0x00000021bf000000)]
  0x00000218f2cb7210 JavaThread "Notification Thread" daemon [_thread_blocked, id=10752, stack(0x00000021bf000000,0x00000021bf100000)]
  0x00000218f70c7620 JavaThread "RMI TCP Accept-0" daemon [_thread_in_native, id=16452, stack(0x00000021bf200000,0x00000021bf300000)]
  0x00000218f70c5fa0 JavaThread "RMI TCP Accept-57394" daemon [_thread_in_native, id=11572, stack(0x00000021bf300000,0x00000021bf400000)]
  0x00000218f7293e30 JavaThread "RMI TCP Accept-0" daemon [_thread_in_native, id=12756, stack(0x00000021bf400000,0x00000021bf500000)]
  0x00000218f775d460 JavaThread "RMI Scheduler(0)" daemon [_thread_blocked, id=15600, stack(0x00000021bff00000,0x00000021c0000000)]
  0x00000218f7671030 JavaThread "RMI TCP Connection(3)-127.0.0.1" daemon [_thread_in_native, id=12844, stack(0x00000021c0000000,0x00000021c0100000)]
  0x00000218f766ee80 JavaThread "JMX server connection timeout 24" daemon [_thread_blocked, id=1352, stack(0x00000021c0100000,0x00000021c0200000)]
  0x00000218f766e9b0 JavaThread "Catalina-utility-1" [_thread_blocked, id=2492, stack(0x00000021bfb00000,0x00000021bfc00000)]
  0x00000218f766f350 JavaThread "Catalina-utility-2" [_thread_blocked, id=11500, stack(0x00000021c0200000,0x00000021c0300000)]
  0x00000218f766f820 JavaThread "container-0" [_thread_blocked, id=5164, stack(0x00000021c0300000,0x00000021c0400000)]
  0x00000218f7671500 JavaThread "mysql-cj-abandoned-connection-cleanup" daemon [_thread_blocked, id=10248, stack(0x00000021c0400000,0x00000021c0500000)]
  0x00000218f766fcf0 JavaThread "HikariPool-1 housekeeper" daemon [_thread_blocked, id=12948, stack(0x00000021c0600000,0x00000021c0700000)]
  0x00000218f7670b60 JavaThread "File Watcher" daemon [_thread_blocked, id=16956, stack(0x00000021bde00000,0x00000021bdf00000)]
  0x00000218f7670690 JavaThread "Live Reload Server" daemon [_thread_in_native, id=1564, stack(0x00000021c0a00000,0x00000021c0b00000)]
  0x00000218f76719d0 JavaThread "http-nio-8080-exec-1" daemon [_thread_blocked, id=1780, stack(0x00000021c0900000,0x00000021c0a00000)]
  0x00000218f76701c0 JavaThread "http-nio-8080-exec-2" daemon [_thread_blocked, id=1136, stack(0x00000021c0b00000,0x00000021c0c00000)]
  0x00000218f766e010 JavaThread "http-nio-8080-exec-3" daemon [_thread_blocked, id=6804, stack(0x00000021c0c00000,0x00000021c0d00000)]
  0x00000218f766e4e0 JavaThread "http-nio-8080-exec-4" daemon [_thread_blocked, id=11700, stack(0x00000021c0d00000,0x00000021c0e00000)]
  0x00000218f902b8b0 JavaThread "http-nio-8080-exec-5" daemon [_thread_blocked, id=2896, stack(0x00000021c0e00000,0x00000021c0f00000)]
  0x00000218f902b3e0 JavaThread "http-nio-8080-exec-6" daemon [_thread_blocked, id=5824, stack(0x00000021c0f00000,0x00000021c1000000)]
  0x00000218f902a570 JavaThread "http-nio-8080-exec-7" daemon [_thread_blocked, id=10928, stack(0x00000021c1000000,0x00000021c1100000)]
  0x00000218f90253a0 JavaThread "http-nio-8080-exec-8" daemon [_thread_blocked, id=16028, stack(0x00000021c1100000,0x00000021c1200000)]
  0x00000218f902aa40 JavaThread "http-nio-8080-exec-9" daemon [_thread_blocked, id=6296, stack(0x00000021c1200000,0x00000021c1300000)]
  0x00000218f9027a20 JavaThread "http-nio-8080-exec-10" daemon [_thread_blocked, id=8624, stack(0x00000021c1300000,0x00000021c1400000)]
  0x00000218f9024530 JavaThread "http-nio-8080-Poller" daemon [_thread_in_native, id=8156, stack(0x00000021c1400000,0x00000021c1500000)]
  0x00000218f902af10 JavaThread "http-nio-8080-Acceptor" daemon [_thread_in_native, id=16672, stack(0x00000021c1500000,0x00000021c1600000)]
  0x00000218f9024ed0 JavaThread "DestroyJavaVM" [_thread_blocked, id=15160, stack(0x00000021bdf00000,0x00000021be000000)]

Other Threads:
=>0x00000218f2955040 VMThread "VM Thread" [stack: 0x00000021be500000,0x00000021be600000] [id=13128]
  0x00000218f7294300 WatcherThread [stack: 0x00000021bf500000,0x00000021bf600000] [id=12884]
  0x00000218e7b4bde0 GCTaskThread "GC Thread#0" [stack: 0x00000021be000000,0x00000021be100000] [id=11096]
  0x00000218f73db590 GCTaskThread "GC Thread#1" [stack: 0x00000021bf600000,0x00000021bf700000] [id=17064]
  0x00000218f73e20d0 GCTaskThread "GC Thread#2" [stack: 0x00000021bf700000,0x00000021bf800000] [id=604]
  0x00000218f7410d20 GCTaskThread "GC Thread#3" [stack: 0x00000021bf800000,0x00000021bf900000] [id=15368]
  0x00000218e7b54920 ConcurrentGCThread "G1 Main Marker" [stack: 0x00000021be100000,0x00000021be200000] [id=5080]
  0x00000218e7b56c80 ConcurrentGCThread "G1 Conc#0" [stack: 0x00000021be200000,0x00000021be300000] [id=8760]
  0x00000218e7b93180 ConcurrentGCThread "G1 Refine#0" [stack: 0x00000021be300000,0x00000021be400000] [id=10776]
  0x00000218f73e19b0 ConcurrentGCThread "G1 Refine#1" [stack: 0x00000021bf900000,0x00000021bfa00000] [id=2964]
  0x00000218f7410fd0 ConcurrentGCThread "G1 Refine#2" [stack: 0x00000021bfa00000,0x00000021bfb00000] [id=12312]
  0x00000218e7b93ba0 ConcurrentGCThread "G1 Service" [stack: 0x00000021be400000,0x00000021be500000] [id=14736]

Threads with active compile tasks:

VM state: at safepoint (normal execution)

VM Mutex/Monitor currently owned by a thread:  ([mutex/lock_event])
[0x00000218e5abba50] Threads_lock - owner thread: 0x00000218f2955040
[0x00000218e5abbc90] Heap_lock - owner thread: 0x00000218f7670b60

Heap address: 0x00000000c2000000, size: 992 MB, Compressed Oops mode: 32-bit

CDS archive(s) not mapped
Compressed class space mapped at: 0x0000000100000000-0x0000000140000000, reserved size: 1073741824
Narrow klass base: 0x0000000000000000, Narrow klass shift: 3, Narrow klass range: 0x140000000

GC Precious Log:
 CPUs: 4 total, 4 available
 Memory: 3962M
 Large Page Support: Disabled
 NUMA Support: Disabled
 Compressed Oops: Enabled (32-bit)
 Heap Region Size: 1M
 Heap Min Capacity: 8M
 Heap Initial Capacity: 62M
 Heap Max Capacity: 992M
 Pre-touch: Disabled
 Parallel Workers: 4
 Concurrent Workers: 1
 Concurrent Refinement Workers: 4
 Periodic GC: Disabled

Heap:
 garbage-first heap   total 63488K, used 27021K [0x00000000c2000000, 0x0000000100000000)
  region size 1024K, 1 young (1024K), 1 survivors (1024K)
 Metaspace       used 61865K, committed 62208K, reserved 1114112K
  class space    used 8320K, committed 8512K, reserved 1048576K

Heap Regions: E=young(eden), S=young(survivor), O=old, HS=humongous(starts), HC=humongous(continues), CS=collection set, F=free, OA=open archive, CA=closed archive, TAMS=top-at-mark-start (previous, next)
|   0|0x00000000c2000000, 0x00000000c2100000, 0x00000000c2100000|100%|HS|  |TAMS 0x00000000c2100000, 0x00000000c2100000| Complete 
|   1|0x00000000c2100000, 0x00000000c2200000, 0x00000000c2200000|100%| O|  |TAMS 0x00000000c2200000, 0x00000000c2200000| Untracked 
|   2|0x00000000c2200000, 0x00000000c2300000, 0x00000000c2300000|100%| O|  |TAMS 0x00000000c2300000, 0x00000000c2300000| Untracked 
|   3|0x00000000c2300000, 0x00000000c2400000, 0x00000000c2400000|100%| O|  |TAMS 0x00000000c2400000, 0x00000000c2400000| Untracked 
|   4|0x00000000c2400000, 0x00000000c2500000, 0x00000000c2500000|100%| O|  |TAMS 0x00000000c2500000, 0x00000000c2500000| Untracked 
|   5|0x00000000c2500000, 0x00000000c2600000, 0x00000000c2600000|100%| O|  |TAMS 0x00000000c2600000, 0x00000000c2600000| Untracked 
|   6|0x00000000c2600000, 0x00000000c2700000, 0x00000000c2700000|100%| O|  |TAMS 0x00000000c2700000, 0x00000000c2700000| Untracked 
|   7|0x00000000c2700000, 0x00000000c2800000, 0x00000000c2800000|100%| O|  |TAMS 0x00000000c2800000, 0x00000000c2800000| Untracked 
|   8|0x00000000c2800000, 0x00000000c2900000, 0x00000000c2900000|100%| O|  |TAMS 0x00000000c2900000, 0x00000000c2900000| Untracked 
|   9|0x00000000c2900000, 0x00000000c2a00000, 0x00000000c2a00000|100%| O|  |TAMS 0x00000000c2a00000, 0x00000000c2a00000| Untracked 
|  10|0x00000000c2a00000, 0x00000000c2b00000, 0x00000000c2b00000|100%| O|  |TAMS 0x00000000c2b00000, 0x00000000c2b00000| Untracked 
|  11|0x00000000c2b00000, 0x00000000c2c00000, 0x00000000c2c00000|100%| O|  |TAMS 0x00000000c2c00000, 0x00000000c2c00000| Untracked 
|  12|0x00000000c2c00000, 0x00000000c2d00000, 0x00000000c2d00000|100%| O|  |TAMS 0x00000000c2d00000, 0x00000000c2d00000| Untracked 
|  13|0x00000000c2d00000, 0x00000000c2d00000, 0x00000000c2e00000|  0%| F|  |TAMS 0x00000000c2d00000, 0x00000000c2d00000| Untracked 
|  14|0x00000000c2e00000, 0x00000000c2f00000, 0x00000000c2f00000|100%| O|  |TAMS 0x00000000c2f00000, 0x00000000c2f00000| Untracked 
|  15|0x00000000c2f00000, 0x00000000c3000000, 0x00000000c3000000|100%| O|  |TAMS 0x00000000c3000000, 0x00000000c3000000| Untracked 
|  16|0x00000000c3000000, 0x00000000c3100000, 0x00000000c3100000|100%| O|  |TAMS 0x00000000c3100000, 0x00000000c3100000| Untracked 
|  17|0x00000000c3100000, 0x00000000c3200000, 0x00000000c3200000|100%| O|  |TAMS 0x00000000c3200000, 0x00000000c3200000| Untracked 
|  18|0x00000000c3200000, 0x00000000c3300000, 0x00000000c3300000|100%| O|  |TAMS 0x00000000c3300000, 0x00000000c3300000| Untracked 
|  19|0x00000000c3300000, 0x00000000c3400000, 0x00000000c3400000|100%| O|  |TAMS 0x00000000c3400000, 0x00000000c3400000| Untracked 
|  20|0x00000000c3400000, 0x00000000c3500000, 0x00000000c3500000|100%| O|  |TAMS 0x00000000c3500000, 0x00000000c3500000| Untracked 
|  21|0x00000000c3500000, 0x00000000c3600000, 0x00000000c3600000|100%| O|  |TAMS 0x00000000c3600000, 0x00000000c3600000| Untracked 
|  22|0x00000000c3600000, 0x00000000c3700000, 0x00000000c3700000|100%| O|  |TAMS 0x00000000c3633400, 0x00000000c3700000| Untracked 
|  23|0x00000000c3700000, 0x00000000c3800000, 0x00000000c3800000|100%| O|  |TAMS 0x00000000c3700000, 0x00000000c3800000| Untracked 
|  24|0x00000000c3800000, 0x00000000c3900000, 0x00000000c3900000|100%| O|  |TAMS 0x00000000c3800000, 0x00000000c3900000| Untracked 
|  25|0x00000000c3900000, 0x00000000c3a00000, 0x00000000c3a00000|100%| O|  |TAMS 0x00000000c3900000, 0x00000000c3a00000| Untracked 
|  26|0x00000000c3a00000, 0x00000000c3aa1400, 0x00000000c3b00000| 62%| O|  |TAMS 0x00000000c3a00000, 0x00000000c3aa1400| Untracked 
|  27|0x00000000c3b00000, 0x00000000c3b00000, 0x00000000c3c00000|  0%| F|  |TAMS 0x00000000c3b00000, 0x00000000c3b00000| Untracked 
|  28|0x00000000c3c00000, 0x00000000c3c00000, 0x00000000c3d00000|  0%| F|  |TAMS 0x00000000c3c00000, 0x00000000c3c00000| Untracked 
|  29|0x00000000c3d00000, 0x00000000c3d00000, 0x00000000c3e00000|  0%| F|  |TAMS 0x00000000c3d00000, 0x00000000c3d00000| Untracked 
|  30|0x00000000c3e00000, 0x00000000c3e00000, 0x00000000c3f00000|  0%| F|  |TAMS 0x00000000c3e00000, 0x00000000c3e00000| Untracked 
|  31|0x00000000c3f00000, 0x00000000c3f00000, 0x00000000c4000000|  0%| F|  |TAMS 0x00000000c3f00000, 0x00000000c3f00000| Untracked 
|  32|0x00000000c4000000, 0x00000000c4000000, 0x00000000c4100000|  0%| F|  |TAMS 0x00000000c4000000, 0x00000000c4000000| Untracked 
|  33|0x00000000c4100000, 0x00000000c41c20c0, 0x00000000c4200000| 75%| S|CS|TAMS 0x00000000c4100000, 0x00000000c4100000| Complete 
|  34|0x00000000c4200000, 0x00000000c4200000, 0x00000000c4300000|  0%| F|  |TAMS 0x00000000c4200000, 0x00000000c4200000| Untracked 
|  35|0x00000000c4300000, 0x00000000c4300000, 0x00000000c4400000|  0%| F|  |TAMS 0x00000000c4300000, 0x00000000c4300000| Untracked 
|  36|0x00000000c4400000, 0x00000000c4400000, 0x00000000c4500000|  0%| F|  |TAMS 0x00000000c4400000, 0x00000000c4400000| Untracked 
|  37|0x00000000c4500000, 0x00000000c4500000, 0x00000000c4600000|  0%| F|  |TAMS 0x00000000c4500000, 0x00000000c4500000| Untracked 
|  38|0x00000000c4600000, 0x00000000c4600000, 0x00000000c4700000|  0%| F|  |TAMS 0x00000000c4600000, 0x00000000c4600000| Untracked 
|  39|0x00000000c4700000, 0x00000000c4700000, 0x00000000c4800000|  0%| F|  |TAMS 0x00000000c4700000, 0x00000000c4700000| Untracked 
|  40|0x00000000c4800000, 0x00000000c4800000, 0x00000000c4900000|  0%| F|  |TAMS 0x00000000c4800000, 0x00000000c4800000| Untracked 
|  41|0x00000000c4900000, 0x00000000c4900000, 0x00000000c4a00000|  0%| F|  |TAMS 0x00000000c4900000, 0x00000000c4900000| Untracked 
|  42|0x00000000c4a00000, 0x00000000c4a00000, 0x00000000c4b00000|  0%| F|  |TAMS 0x00000000c4a00000, 0x00000000c4a00000| Untracked 
|  43|0x00000000c4b00000, 0x00000000c4b00000, 0x00000000c4c00000|  0%| F|  |TAMS 0x00000000c4b00000, 0x00000000c4b00000| Untracked 
|  44|0x00000000c4c00000, 0x00000000c4c00000, 0x00000000c4d00000|  0%| F|  |TAMS 0x00000000c4c00000, 0x00000000c4c00000| Untracked 
|  45|0x00000000c4d00000, 0x00000000c4d00000, 0x00000000c4e00000|  0%| F|  |TAMS 0x00000000c4d00000, 0x00000000c4d00000| Untracked 
|  46|0x00000000c4e00000, 0x00000000c4e00000, 0x00000000c4f00000|  0%| F|  |TAMS 0x00000000c4e00000, 0x00000000c4e00000| Untracked 
|  47|0x00000000c4f00000, 0x00000000c4f00000, 0x00000000c5000000|  0%| F|  |TAMS 0x00000000c4f00000, 0x00000000c4f00000| Untracked 
|  48|0x00000000c5000000, 0x00000000c5000000, 0x00000000c5100000|  0%| F|  |TAMS 0x00000000c5000000, 0x00000000c5000000| Untracked 
|  49|0x00000000c5100000, 0x00000000c5100000, 0x00000000c5200000|  0%| F|  |TAMS 0x00000000c5100000, 0x00000000c5100000| Untracked 
|  50|0x00000000c5200000, 0x00000000c5200000, 0x00000000c5300000|  0%| F|  |TAMS 0x00000000c5200000, 0x00000000c5200000| Untracked 
|  51|0x00000000c5300000, 0x00000000c5300000, 0x00000000c5400000|  0%| F|  |TAMS 0x00000000c5300000, 0x00000000c5300000| Untracked 
|  52|0x00000000c5400000, 0x00000000c5400000, 0x00000000c5500000|  0%| F|  |TAMS 0x00000000c5400000, 0x00000000c5400000| Untracked 
|  53|0x00000000c5500000, 0x00000000c5500000, 0x00000000c5600000|  0%| F|  |TAMS 0x00000000c5500000, 0x00000000c5500000| Untracked 
|  54|0x00000000c5600000, 0x00000000c5600000, 0x00000000c5700000|  0%| F|  |TAMS 0x00000000c5600000, 0x00000000c5600000| Untracked 
|  55|0x00000000c5700000, 0x00000000c5700000, 0x00000000c5800000|  0%| F|  |TAMS 0x00000000c5700000, 0x00000000c5700000| Untracked 
|  56|0x00000000c5800000, 0x00000000c5800000, 0x00000000c5900000|  0%| F|  |TAMS 0x00000000c5800000, 0x00000000c5800000| Untracked 
|  57|0x00000000c5900000, 0x00000000c5900000, 0x00000000c5a00000|  0%| F|  |TAMS 0x00000000c5900000, 0x00000000c5900000| Untracked 
|  58|0x00000000c5a00000, 0x00000000c5a00000, 0x00000000c5b00000|  0%| F|  |TAMS 0x00000000c5a00000, 0x00000000c5a00000| Untracked 
|  59|0x00000000c5b00000, 0x00000000c5b00000, 0x00000000c5c00000|  0%| F|  |TAMS 0x00000000c5b00000, 0x00000000c5b00000| Untracked 
|  60|0x00000000c5c00000, 0x00000000c5c00000, 0x00000000c5d00000|  0%| F|  |TAMS 0x00000000c5c00000, 0x00000000c5c00000| Untracked 
|  61|0x00000000c5d00000, 0x00000000c5d00000, 0x00000000c5e00000|  0%| F|  |TAMS 0x00000000c5d00000, 0x00000000c5d00000| Untracked 

Card table byte_map: [0x00000218ee1c0000,0x00000218ee3b0000] _byte_map_base: 0x00000218edbb0000

Marking Bits (Prev, Next): (CMBitMap*) 0x00000218e7b4c430, (CMBitMap*) 0x00000218e7b4c3f0
 Prev Bits: [0x00000218ef520000, 0x00000218f04a0000)
 Next Bits: [0x00000218ee5a0000, 0x00000218ef520000)

Polling page: 0x00000218e72d0000

Metaspace:

Usage:
  Non-class:     52.29 MB used.
      Class:      8.13 MB used.
       Both:     60.42 MB used.

Virtual space:
  Non-class space:       64.00 MB reserved,      52.44 MB ( 82%) committed,  1 nodes.
      Class space:        1.00 GB reserved,       8.31 MB ( <1%) committed,  1 nodes.
             Both:        1.06 GB reserved,      60.75 MB (  6%) committed. 

Chunk freelists:
   Non-Class:  11.15 MB
       Class:  7.73 MB
        Both:  18.88 MB

MaxMetaspaceSize: unlimited
CompressedClassSpaceSize: 1.00 GB
Initial GC threshold: 21.00 MB
Current GC threshold: 98.25 MB
CDS: off
MetaspaceReclaimPolicy: balanced
 - commit_granule_bytes: 65536.
 - commit_granule_words: 8192.
 - virtual_space_node_default_size: 8388608.
 - enlarge_chunks_in_place: 1.
 - new_chunks_are_fully_committed: 0.
 - uncommit_free_chunks: 1.
 - use_allocation_guard: 0.
 - handle_deallocations: 1.


Internal statistics:

num_allocs_failed_limit: 6.
num_arena_births: 502.
num_arena_deaths: 110.
num_vsnodes_births: 2.
num_vsnodes_deaths: 0.
num_space_committed: 972.
num_space_uncommitted: 0.
num_chunks_returned_to_freelist: 142.
num_chunks_taken_from_freelist: 2518.
num_chunk_merges: 45.
num_chunk_splits: 1763.
num_chunks_enlarged: 1377.
num_inconsistent_stats: 0.

CodeCache: size=49152Kb used=9550Kb max_used=10055Kb free=39601Kb
 bounds [0x00000218eb1c0000, 0x00000218ebba0000, 0x00000218ee1c0000]
 total_blobs=6001 nmethods=5386 adapters=542
 compilation: enabled
              stopped_count=0, restarted_count=0
 full_count=0

Compilation events (20 events):
Event: 138.780 Thread 0x00000218f29cc3c0 5385   !   1       java.util.concurrent.locks.AbstractQueuedSynchronizer::acquire (407 bytes)
Event: 138.809 Thread 0x00000218f29cc3c0 nmethod 5385 0x00000218ebb09410 code [0x00000218ebb096c0, 0x00000218ebb0a848]
Event: 138.810 Thread 0x00000218f29cc3c0 5384       1       jdk.internal.misc.Unsafe::putIntOpaque (9 bytes)
Event: 138.810 Thread 0x00000218f29cc3c0 nmethod 5384 0x00000218ebb09110 code [0x00000218ebb092a0, 0x00000218ebb09378]
Event: 139.761 Thread 0x00000218f29cc3c0 5386       1       java.util.concurrent.locks.AbstractQueuedSynchronizer$ConditionNode::<init> (5 bytes)
Event: 139.761 Thread 0x00000218f29cc3c0 nmethod 5386 0x00000218ebb08e10 code [0x00000218ebb08fa0, 0x00000218ebb09058]
Event: 139.761 Thread 0x00000218f29cc3c0 5387       1       java.util.concurrent.locks.AbstractQueuedSynchronizer$ConditionObject::enableWait (84 bytes)
Event: 139.783 Thread 0x00000218f29cc3c0 nmethod 5387 0x00000218ebb08610 code [0x00000218ebb08800, 0x00000218ebb08bf8]
Event: 139.783 Thread 0x00000218f29cc3c0 5388       1       java.util.concurrent.locks.AbstractQueuedSynchronizer$Node::setStatusRelaxed (12 bytes)
Event: 139.783 Thread 0x00000218f29cc3c0 nmethod 5388 0x00000218ebb08310 code [0x00000218ebb084a0, 0x00000218ebb08578]
Event: 140.757 Thread 0x00000218f29cc3c0 5389       1       java.util.concurrent.ThreadPoolExecutor::getQueue (5 bytes)
Event: 141.401 Thread 0x00000218f29cc3c0 nmethod 5389 0x00000218ebb08010 code [0x00000218ebb081a0, 0x00000218ebb08278]
Event: 141.401 Thread 0x00000218f29cc3c0 5390       1       java.util.concurrent.locks.AbstractQueuedSynchronizer::releaseShared (19 bytes)
Event: 141.689 Thread 0x00000218f29cc3c0 nmethod 5390 0x00000218ebb07b10 code [0x00000218ebb07cc0, 0x00000218ebb07eb8]
Event: 142.932 Thread 0x00000218f29cc3c0 5395       1       sun.nio.ch.IOStatus::okayToRetry (22 bytes)
Event: 142.932 Thread 0x00000218f29cc3c0 nmethod 5395 0x00000218ebb07810 code [0x00000218ebb079a0, 0x00000218ebb07a78]
Event: 143.755 Thread 0x00000218f29cc3c0 5396       1       java.util.concurrent.locks.AbstractQueuedSynchronizer$Node::getAndUnsetStatus (14 bytes)
Event: 143.769 Thread 0x00000218f29cc3c0 nmethod 5396 0x00000218ebb07490 code [0x00000218ebb07620, 0x00000218ebb07738]
Event: 143.769 Thread 0x00000218f29cc3c0 5397       1       jdk.internal.misc.Unsafe::getAndBitwiseAndInt (27 bytes)
Event: 143.769 Thread 0x00000218f29cc3c0 nmethod 5397 0x00000218ebb07110 code [0x00000218ebb072a0, 0x00000218ebb073b8]

GC Heap History (20 events):
Event: 47.913 GC heap after
{Heap after GC invocations=25 (full 0):
 garbage-first heap   total 37888K, used 20856K [0x00000000c2000000, 0x0000000100000000)
  region size 1024K, 1 young (1024K), 1 survivors (1024K)
 Metaspace       used 52541K, committed 52864K, reserved 1114112K
  class space    used 7029K, committed 7168K, reserved 1048576K
}
Event: 49.210 GC heap before
{Heap before GC invocations=25 (full 0):
 garbage-first heap   total 37888K, used 31096K [0x00000000c2000000, 0x0000000100000000)
  region size 1024K, 11 young (11264K), 1 survivors (1024K)
 Metaspace       used 54282K, committed 54592K, reserved 1114112K
  class space    used 7265K, committed 7424K, reserved 1048576K
}
Event: 49.217 GC heap after
{Heap after GC invocations=26 (full 0):
 garbage-first heap   total 37888K, used 21578K [0x00000000c2000000, 0x0000000100000000)
  region size 1024K, 2 young (2048K), 2 survivors (2048K)
 Metaspace       used 54282K, committed 54592K, reserved 1114112K
  class space    used 7265K, committed 7424K, reserved 1048576K
}
Event: 50.518 GC heap before
{Heap before GC invocations=27 (full 0):
 garbage-first heap   total 39936K, used 29770K [0x00000000c2000000, 0x0000000100000000)
  region size 1024K, 11 young (11264K), 2 survivors (2048K)
 Metaspace       used 55959K, committed 56320K, reserved 1114112K
  class space    used 7502K, committed 7680K, reserved 1048576K
}
Event: 50.524 GC heap after
{Heap after GC invocations=28 (full 0):
 garbage-first heap   total 39936K, used 22293K [0x00000000c2000000, 0x0000000100000000)
  region size 1024K, 2 young (2048K), 2 survivors (2048K)
 Metaspace       used 55959K, committed 56320K, reserved 1114112K
  class space    used 7502K, committed 7680K, reserved 1048576K
}
Event: 52.546 GC heap before
{Heap before GC invocations=28 (full 0):
 garbage-first heap   total 39936K, used 31509K [0x00000000c2000000, 0x0000000100000000)
  region size 1024K, 11 young (11264K), 2 survivors (2048K)
 Metaspace       used 56398K, committed 56704K, reserved 1114112K
  class space    used 7580K, committed 7744K, reserved 1048576K
}
Event: 52.553 GC heap after
{Heap after GC invocations=29 (full 0):
 garbage-first heap   total 39936K, used 22798K [0x00000000c2000000, 0x0000000100000000)
  region size 1024K, 2 young (2048K), 2 survivors (2048K)
 Metaspace       used 56398K, committed 56704K, reserved 1114112K
  class space    used 7580K, committed 7744K, reserved 1048576K
}
Event: 53.639 GC heap before
{Heap before GC invocations=30 (full 0):
 garbage-first heap   total 40960K, used 32014K [0x00000000c2000000, 0x0000000100000000)
  region size 1024K, 11 young (11264K), 2 survivors (2048K)
 Metaspace       used 57448K, committed 57728K, reserved 1114112K
  class space    used 7731K, committed 7872K, reserved 1048576K
}
Event: 53.644 GC heap after
{Heap after GC invocations=31 (full 0):
 garbage-first heap   total 40960K, used 23230K [0x00000000c2000000, 0x0000000100000000)
  region size 1024K, 1 young (1024K), 1 survivors (1024K)
 Metaspace       used 57448K, committed 57728K, reserved 1114112K
  class space    used 7731K, committed 7872K, reserved 1048576K
}
Event: 56.024 GC heap before
{Heap before GC invocations=31 (full 0):
 garbage-first heap   total 40960K, used 32446K [0x00000000c2000000, 0x0000000100000000)
  region size 1024K, 11 young (11264K), 1 survivors (1024K)
 Metaspace       used 58925K, committed 59328K, reserved 1114112K
  class space    used 7897K, committed 8128K, reserved 1048576K
}
Event: 56.028 GC heap after
{Heap after GC invocations=32 (full 0):
 garbage-first heap   total 40960K, used 23763K [0x00000000c2000000, 0x0000000100000000)
  region size 1024K, 2 young (2048K), 2 survivors (2048K)
 Metaspace       used 58925K, committed 59328K, reserved 1114112K
  class space    used 7897K, committed 8128K, reserved 1048576K
}
Event: 56.827 GC heap before
{Heap before GC invocations=33 (full 0):
 garbage-first heap   total 43008K, used 31955K [0x00000000c2000000, 0x0000000100000000)
  region size 1024K, 11 young (11264K), 2 survivors (2048K)
 Metaspace       used 59035K, committed 59456K, reserved 1114112K
  class space    used 7909K, committed 8128K, reserved 1048576K
}
Event: 56.837 GC heap after
{Heap after GC invocations=34 (full 0):
 garbage-first heap   total 43008K, used 24290K [0x00000000c2000000, 0x0000000100000000)
  region size 1024K, 2 young (2048K), 2 survivors (2048K)
 Metaspace       used 59035K, committed 59456K, reserved 1114112K
  class space    used 7909K, committed 8128K, reserved 1048576K
}
Event: 59.588 GC heap before
{Heap before GC invocations=34 (full 0):
 garbage-first heap   total 43008K, used 34530K [0x00000000c2000000, 0x0000000100000000)
  region size 1024K, 12 young (12288K), 2 survivors (2048K)
 Metaspace       used 59896K, committed 60288K, reserved 1114112K
  class space    used 8045K, committed 8256K, reserved 1048576K
}
Event: 59.602 GC heap after
{Heap after GC invocations=35 (full 0):
 garbage-first heap   total 43008K, used 25505K [0x00000000c2000000, 0x0000000100000000)
  region size 1024K, 2 young (2048K), 2 survivors (2048K)
 Metaspace       used 59896K, committed 60288K, reserved 1114112K
  class space    used 8045K, committed 8256K, reserved 1048576K
}
Event: 61.333 GC heap before
{Heap before GC invocations=36 (full 0):
 garbage-first heap   total 45056K, used 34721K [0x00000000c2000000, 0x0000000100000000)
  region size 1024K, 11 young (11264K), 2 survivors (2048K)
 Metaspace       used 61106K, committed 61504K, reserved 1114112K
  class space    used 8214K, committed 8448K, reserved 1048576K
}
Event: 61.347 GC heap after
{Heap after GC invocations=37 (full 0):
 garbage-first heap   total 45056K, used 26686K [0x00000000c2000000, 0x0000000100000000)
  region size 1024K, 2 young (2048K), 2 survivors (2048K)
 Metaspace       used 61106K, committed 61504K, reserved 1114112K
  class space    used 8214K, committed 8448K, reserved 1048576K
}
Event: 61.400 GC heap before
{Heap before GC invocations=37 (full 0):
 garbage-first heap   total 45056K, used 27710K [0x00000000c2000000, 0x0000000100000000)
  region size 1024K, 3 young (3072K), 2 survivors (2048K)
 Metaspace       used 61189K, committed 61568K, reserved 1114112K
  class space    used 8229K, committed 8448K, reserved 1048576K
}
Event: 61.404 GC heap after
{Heap after GC invocations=38 (full 0):
 garbage-first heap   total 45056K, used 26593K [0x00000000c2000000, 0x0000000100000000)
  region size 1024K, 1 young (1024K), 1 survivors (1024K)
 Metaspace       used 61189K, committed 61568K, reserved 1114112K
  class space    used 8229K, committed 8448K, reserved 1048576K
}
Event: 146.544 GC heap before
{Heap before GC invocations=38 (full 0):
 garbage-first heap   total 45056K, used 34785K [0x00000000c2000000, 0x0000000100000000)
  region size 1024K, 10 young (10240K), 1 survivors (1024K)
 Metaspace       used 61865K, committed 62208K, reserved 1114112K
  class space    used 8320K, committed 8512K, reserved 1048576K
}

Dll operation events (9 events):
Event: 0.033 Loaded shared library C:\Users\Roua\Downloads\spring-tool-suite-4-4.19.0.RELEASE-e4.28.0-win32.win32.x86_64.self-extracting\contents\sts-4.19.0.RELEASE\plugins\org.eclipse.justj.openjdk.hotspot.jre.full.win32.x86_64_17.0.7.v20230425-1502\jre\bin\java.dll
Event: 0.932 Loaded shared library C:\Users\Roua\Downloads\spring-tool-suite-4-4.19.0.RELEASE-e4.28.0-win32.win32.x86_64.self-extracting\contents\sts-4.19.0.RELEASE\plugins\org.eclipse.justj.openjdk.hotspot.jre.full.win32.x86_64_17.0.7.v20230425-1502\jre\bin\jimage.dl
Event: 1.278 Loaded shared library C:\Users\Roua\Downloads\spring-tool-suite-4-4.19.0.RELEASE-e4.28.0-win32.win32.x86_64.self-extracting\contents\sts-4.19.0.RELEASE\plugins\org.eclipse.justj.openjdk.hotspot.jre.full.win32.x86_64_17.0.7.v20230425-1502\jre\bin\net.dll
Event: 1.289 Loaded shared library C:\Users\Roua\Downloads\spring-tool-suite-4-4.19.0.RELEASE-e4.28.0-win32.win32.x86_64.self-extracting\contents\sts-4.19.0.RELEASE\plugins\org.eclipse.justj.openjdk.hotspot.jre.full.win32.x86_64_17.0.7.v20230425-1502\jre\bin\nio.dll
Event: 1.399 Loaded shared library C:\Users\Roua\Downloads\spring-tool-suite-4-4.19.0.RELEASE-e4.28.0-win32.win32.x86_64.self-extracting\contents\sts-4.19.0.RELEASE\plugins\org.eclipse.justj.openjdk.hotspot.jre.full.win32.x86_64_17.0.7.v20230425-1502\jre\bin\zip.dll
Event: 18.489 Loaded shared library C:\Users\Roua\Downloads\spring-tool-suite-4-4.19.0.RELEASE-e4.28.0-win32.win32.x86_64.self-extracting\contents\sts-4.19.0.RELEASE\plugins\org.eclipse.justj.openjdk.hotspot.jre.full.win32.x86_64_17.0.7.v20230425-1502\jre\bin\managemen
Event: 18.615 Loaded shared library C:\Users\Roua\Downloads\spring-tool-suite-4-4.19.0.RELEASE-e4.28.0-win32.win32.x86_64.self-extracting\contents\sts-4.19.0.RELEASE\plugins\org.eclipse.justj.openjdk.hotspot.jre.full.win32.x86_64_17.0.7.v20230425-1502\jre\bin\managemen
Event: 19.901 Loaded shared library C:\Users\Roua\Downloads\spring-tool-suite-4-4.19.0.RELEASE-e4.28.0-win32.win32.x86_64.self-extracting\contents\sts-4.19.0.RELEASE\plugins\org.eclipse.justj.openjdk.hotspot.jre.full.win32.x86_64_17.0.7.v20230425-1502\jre\bin\verify.dl
Event: 38.865 Loaded shared library C:\Users\Roua\Downloads\spring-tool-suite-4-4.19.0.RELEASE-e4.28.0-win32.win32.x86_64.self-extracting\contents\sts-4.19.0.RELEASE\plugins\org.eclipse.justj.openjdk.hotspot.jre.full.win32.x86_64_17.0.7.v20230425-1502\jre\bin\sunmscapi

Deoptimization events (8 events):
Event: 26.665 Thread 0x00000218f7700170 DEOPT PACKING pc=0x00000218eb709a19 sp=0x00000021bfdfc950
Event: 26.665 Thread 0x00000218f7700170 DEOPT UNPACKING pc=0x00000218eb217143 sp=0x00000021bfdfbe30 mode 3
Event: 35.508 Thread 0x00000218f7700170 DEOPT PACKING pc=0x00000218eb71f994 sp=0x00000021bfdfce20
Event: 35.508 Thread 0x00000218f7700170 DEOPT UNPACKING pc=0x00000218eb217143 sp=0x00000021bfdfc378 mode 0
Event: 39.685 Thread 0x00000218f7700170 DEOPT PACKING pc=0x00000218eb900c7d sp=0x00000021bfdfbba0
Event: 39.685 Thread 0x00000218f7700170 DEOPT UNPACKING pc=0x00000218eb217143 sp=0x00000021bfdfb108 mode 3
Event: 56.775 Thread 0x00000218f7700170 DEOPT PACKING pc=0x00000218eb6fccd2 sp=0x00000021bfdfc830
Event: 56.777 Thread 0x00000218f7700170 DEOPT UNPACKING pc=0x00000218eb217143 sp=0x00000021bfdfbd38 mode 3

Classes unloaded (20 events):
Event: 41.703 Thread 0x00000218f2955040 Unloading class 0x00000001000c1400 'java/lang/invoke/LambdaForm$MH+0x00000001000c1400'
Event: 43.820 Thread 0x00000218f2955040 Unloading class 0x00000001000c5000 'java/lang/invoke/LambdaForm$MH+0x00000001000c5000'
Event: 46.156 Thread 0x00000218f2955040 Unloading class 0x00000001002f8400 'java/lang/invoke/LambdaForm$DMH+0x00000001002f8400'
Event: 49.299 Thread 0x00000218f2955040 Unloading class 0x0000000100344800 'jdk/internal/reflect/GeneratedConstructorAccessor10'
Event: 52.726 Thread 0x00000218f2955040 Unloading class 0x000000010035c000 'jdk/internal/reflect/GeneratedConstructorAccessor11'
Event: 52.726 Thread 0x00000218f2955040 Unloading class 0x0000000100344400 'jdk/internal/reflect/GeneratedConstructorAccessor9'
Event: 52.726 Thread 0x00000218f2955040 Unloading class 0x0000000100344000 'jdk/internal/reflect/GeneratedConstructorAccessor8'
Event: 52.726 Thread 0x00000218f2955040 Unloading class 0x000000010033a000 'jdk/internal/reflect/GeneratedConstructorAccessor7'
Event: 56.233 Thread 0x00000218f2955040 Unloading class 0x000000010044a800 'java/lang/invoke/LambdaForm$MH+0x000000010044a800'
Event: 56.233 Thread 0x00000218f2955040 Unloading class 0x0000000100449c00 'java/lang/invoke/LambdaForm$MH+0x0000000100449c00'
Event: 59.826 Thread 0x00000218f2955040 Unloading class 0x0000000100272000 'java/lang/invoke/LambdaForm$MH+0x0000000100272000'
Event: 59.826 Thread 0x00000218f2955040 Unloading class 0x0000000100271c00 'java/lang/invoke/LambdaForm$MH+0x0000000100271c00'
Event: 59.826 Thread 0x00000218f2955040 Unloading class 0x0000000100271800 'java/lang/invoke/LambdaForm$MH+0x0000000100271800'
Event: 59.826 Thread 0x00000218f2955040 Unloading class 0x0000000100271400 'java/lang/invoke/LambdaForm$MH+0x0000000100271400'
Event: 59.826 Thread 0x00000218f2955040 Unloading class 0x0000000100271000 'java/lang/invoke/LambdaForm$MH+0x0000000100271000'
Event: 59.826 Thread 0x00000218f2955040 Unloading class 0x0000000100270c00 'java/lang/invoke/LambdaForm$MH+0x0000000100270c00'
Event: 59.826 Thread 0x00000218f2955040 Unloading class 0x0000000100270800 'java/lang/invoke/LambdaForm$MH+0x0000000100270800'
Event: 59.826 Thread 0x00000218f2955040 Unloading class 0x0000000100270400 'java/lang/invoke/LambdaForm$MH+0x0000000100270400'
Event: 59.826 Thread 0x00000218f2955040 Unloading class 0x00000001000c4c00 'java/lang/invoke/LambdaForm$MH+0x00000001000c4c00'
Event: 59.826 Thread 0x00000218f2955040 Unloading class 0x00000001000c0c00 'java/lang/invoke/LambdaForm$MH+0x00000001000c0c00'

Classes redefined (0 events):
No events

Internal exceptions (20 events):
Event: 56.022 Thread 0x00000218f7700170 Exception <a 'java/lang/ClassNotFoundException'{0x00000000c3dde290}: java/lang/ObjectCustomizer> (0x00000000c3dde290) 
thrown [s\src\hotspot\share\classfile\systemDictionary.cpp, line 256]
Event: 56.023 Thread 0x00000218f7700170 Exception <a 'java/lang/ClassNotFoundException'{0x00000000c3de8158}: com/sb/STARTBUY/entites/RoleCustomizer> (0x00000000c3de8158) 
thrown [s\src\hotspot\share\classfile\systemDictionary.cpp, line 256]
Event: 57.412 Thread 0x00000218f7700170 Exception <a 'java/lang/ClassNotFoundException'{0x00000000c5733488}: java/lang/ObjectCustomizer> (0x00000000c5733488) 
thrown [s\src\hotspot\share\classfile\systemDictionary.cpp, line 256]
Event: 57.413 Thread 0x00000218f7700170 Exception <a 'java/lang/ClassNotFoundException'{0x00000000c573c760}: org/springframework/web/servlet/config/annotation/WebMvcConfigurationSupportCustomizer> (0x00000000c573c760) 
thrown [s\src\hotspot\share\classfile\systemDictionary.cpp, line 256]
Event: 57.415 Thread 0x00000218f7700170 Exception <a 'java/lang/ClassNotFoundException'{0x00000000c5751e40}: org/springframework/web/servlet/config/annotation/DelegatingWebMvcConfigurationCustomizer> (0x00000000c5751e40) 
thrown [s\src\hotspot\share\classfile\systemDictionary.cpp, line 256]
Event: 57.416 Thread 0x00000218f7700170 Exception <a 'java/lang/ClassNotFoundException'{0x00000000c575c8d0}: org/springframework/boot/autoconfigure/web/servlet/WebMvcAutoConfiguration$EnableWebMvcConfigurationCustomizer> (0x00000000c575c8d0) 
thrown [s\src\hotspot\share\classfile\systemDictionary.cpp, line 256]
Event: 57.417 Thread 0x00000218f7700170 Exception <a 'java/lang/ClassNotFoundException'{0x00000000c5770b58}: org/springframework/context/ResourceLoaderAwareCustomizer> (0x00000000c5770b58) 
thrown [s\src\hotspot\share\classfile\systemDictionary.cpp, line 256]
Event: 57.420 Thread 0x00000218f7700170 Exception <a 'java/lang/ClassNotFoundException'{0x00000000c57770c8}: org/springframework/beans/factory/AwareCustomizer> (0x00000000c57770c8) 
thrown [s\src\hotspot\share\classfile\systemDictionary.cpp, line 256]
Event: 57.421 Thread 0x00000218f7700170 Exception <a 'java/lang/ClassNotFoundException'{0x00000000c577c6c8}: org/springframework/context/ApplicationContextAwareCustomizer> (0x00000000c577c6c8) 
thrown [s\src\hotspot\share\classfile\systemDictionary.cpp, line 256]
Event: 57.422 Thread 0x00000218f7700170 Exception <a 'java/lang/ClassNotFoundException'{0x00000000c5783308}: org/springframework/beans/factory/AwareCustomizer> (0x00000000c5783308) 
thrown [s\src\hotspot\share\classfile\systemDictionary.cpp, line 256]
Event: 57.423 Thread 0x00000218f7700170 Exception <a 'java/lang/ClassNotFoundException'{0x00000000c57888e0}: org/springframework/web/context/ServletContextAwareCustomizer> (0x00000000c57888e0) 
thrown [s\src\hotspot\share\classfile\systemDictionary.cpp, line 256]
Event: 57.424 Thread 0x00000218f7700170 Exception <a 'java/lang/ClassNotFoundException'{0x00000000c578ee68}: org/springframework/beans/factory/AwareCustomizer> (0x00000000c578ee68) 
thrown [s\src\hotspot\share\classfile\systemDictionary.cpp, line 256]
Event: 59.421 Thread 0x00000218f7700170 Exception <a 'java/lang/NoSuchMethodError'{0x00000000c41f5ee0}: 'void java.lang.invoke.DirectMethodHandle$Holder.invokeVirtual(java.lang.Object, java.lang.Object, int)'> (0x00000000c41f5ee0) 
thrown [s\src\hotspot\share\interpreter\linkResolver.cpp, line 759]
Event: 59.427 Thread 0x00000218f7700170 Exception <a 'java/lang/NoSuchMethodError'{0x00000000c3e10918}: 'void java.lang.invoke.DirectMethodHandle$Holder.invokeVirtual(java.lang.Object, java.lang.Object, long)'> (0x00000000c3e10918) 
thrown [s\src\hotspot\share\interpreter\linkResolver.cpp, line 759]
Event: 60.962 Thread 0x00000218f7700170 Exception <a 'java/lang/IncompatibleClassChangeError'{0x00000000c4649208}: Found class java.lang.Object, but interface was expected> (0x00000000c4649208) 
thrown [s\src\hotspot\share\interpreter\linkResolver.cpp, line 826]
Event: 61.091 Thread 0x00000218f7700170 Exception <a 'java/lang/NoSuchMethodError'{0x00000000c45d2740}: 'int java.lang.invoke.DirectMethodHandle$Holder.invokeStaticInit(java.lang.Object, java.lang.Object, java.lang.Object, java.lang.Object)'> (0x00000000c45d2740) 
thrown [s\src\hotspot\share\interpreter\linkResolver.cpp, line 759]
Event: 61.593 Thread 0x00000218f7700170 Exception <a 'java/lang/NoSuchMethodError'{0x00000000c47aa8a0}: 'java.lang.Object java.lang.invoke.DirectMethodHandle$Holder.invokeSpecial(java.lang.Object, java.lang.Object, int, java.lang.Object, int, java.lang.Object)'> (0x00000000c47aa8a0) 
thrown [s\src\hotspot\share\interpreter\linkResolver.cpp, line 759]
Event: 61.594 Thread 0x00000218f7700170 Exception <a 'java/lang/NoSuchMethodError'{0x00000000c47b2948}: 'java.lang.Object java.lang.invoke.DirectMethodHandle$Holder.newInvokeSpecial(java.lang.Object, java.lang.Object, int, java.lang.Object, int)'> (0x00000000c47b2948) 
thrown [s\src\hotspot\share\interpreter\linkResolver.cpp, line 759]
Event: 61.595 Thread 0x00000218f7700170 Exception <a 'java/lang/NoSuchMethodError'{0x00000000c47b6a48}: 'java.lang.Object java.lang.invoke.DirectMethodHandle$Holder.invokeSpecial(java.lang.Object, java.lang.Object, java.lang.Object, int, java.lang.Object, int)'> (0x00000000c47b6a48) 
thrown [s\src\hotspot\share\interpreter\linkResolver.cpp, line 759]
Event: 61.597 Thread 0x00000218f7700170 Exception <a 'java/lang/NoSuchMethodError'{0x00000000c47c1870}: 'void java.lang.invoke.DirectMethodHandle$Holder.invokeVirtual(java.lang.Object, java.lang.Object)'> (0x00000000c47c1870) 
thrown [s\src\hotspot\share\interpreter\linkResolver.cpp, line 759]

VM Operations (20 events):
Event: 60.454 Executing VM operation: HandshakeAllThreads done
Event: 60.457 Executing VM operation: HandshakeAllThreads
Event: 60.457 Executing VM operation: HandshakeAllThreads done
Event: 60.982 Executing VM operation: HandshakeAllThreads
Event: 60.983 Executing VM operation: HandshakeAllThreads done
Event: 61.332 Executing VM operation: G1CollectForAllocation
Event: 61.348 Executing VM operation: G1CollectForAllocation done
Event: 61.400 Executing VM operation: G1CollectForAllocation
Event: 61.404 Executing VM operation: G1CollectForAllocation done
Event: 61.782 Executing VM operation: HandshakeAllThreads
Event: 61.782 Executing VM operation: HandshakeAllThreads done
Event: 61.782 Executing VM operation: HandshakeAllThreads
Event: 61.790 Executing VM operation: HandshakeAllThreads done
Event: 62.795 Executing VM operation: Cleanup
Event: 62.796 Executing VM operation: Cleanup done
Event: 74.804 Executing VM operation: Cleanup
Event: 74.804 Executing VM operation: Cleanup done
Event: 94.814 Executing VM operation: Cleanup
Event: 94.815 Executing VM operation: Cleanup done
Event: 146.522 Executing VM operation: G1CollectForAllocation

Events (20 events):
Event: 61.807 Thread 0x00000218f7700170 Thread exited: 0x00000218f7700170
Event: 61.808 loading class java/beans/ThreadGroupContext
Event: 61.810 loading class java/beans/ThreadGroupContext done
Event: 61.810 loading class java/beans/ThreadGroupContext$1
Event: 61.810 loading class java/beans/WeakIdentityMap
Event: 61.810 loading class java/beans/WeakIdentityMap done
Event: 61.810 loading class java/beans/ThreadGroupContext$1 done
Event: 61.810 loading class java/beans/WeakIdentityMap$Entry
Event: 61.810 loading class java/beans/WeakIdentityMap$Entry done
Event: 61.814 loading class java/util/stream/LongStream
Event: 61.815 loading class java/util/stream/LongStream done
Event: 61.815 loading class java/util/function/ToDoubleFunction
Event: 61.816 loading class java/util/function/ToDoubleFunction done
Event: 61.816 loading class java/util/stream/DoubleStream
Event: 61.817 loading class java/util/stream/DoubleStream done
Event: 61.818 Thread 0x00000218f760d0d0 Thread exited: 0x00000218f760d0d0
Event: 61.821 Thread 0x00000218e5abe0e0 Thread exited: 0x00000218e5abe0e0
Event: 61.822 Thread 0x00000218f9024ed0 Thread added: 0x00000218f9024ed0
Event: 63.765 Thread 0x00000218f81c3830 Thread exited: 0x00000218f81c3830
Event: 112.702 Thread 0x00000218f7684f20 Thread exited: 0x00000218f7684f20


Dynamic libraries:
0x00007ff683c80000 - 0x00007ff683c8e000 	C:\Users\Roua\Downloads\spring-tool-suite-4-4.19.0.RELEASE-e4.28.0-win32.win32.x86_64.self-extracting\contents\sts-4.19.0.RELEASE\plugins\org.eclipse.justj.openjdk.hotspot.jre.full.win32.x86_64_17.0.7.v20230425-1502\jre\bin\javaw.exe
0x00007ff9b2450000 - 0x00007ff9b2648000 	C:\Windows\SYSTEM32\ntdll.dll
0x00007ff980180000 - 0x00007ff980199000 	C:\Program Files\Avast Software\Avast\aswhook.dll
0x00007ff9b0e20000 - 0x00007ff9b0edf000 	C:\Windows\System32\KERNEL32.DLL
0x00007ff9afdc0000 - 0x00007ff9b00b6000 	C:\Windows\System32\KERNELBASE.dll
0x00007ff9b00c0000 - 0x00007ff9b01c0000 	C:\Windows\System32\ucrtbase.dll
0x00007ff99a5f0000 - 0x00007ff99a607000 	C:\Users\Roua\Downloads\spring-tool-suite-4-4.19.0.RELEASE-e4.28.0-win32.win32.x86_64.self-extracting\contents\sts-4.19.0.RELEASE\plugins\org.eclipse.justj.openjdk.hotspot.jre.full.win32.x86_64_17.0.7.v20230425-1502\jre\bin\jli.dll
0x00007ff9b1e10000 - 0x00007ff9b1fad000 	C:\Windows\System32\USER32.dll
0x00007ff9b0360000 - 0x00007ff9b0382000 	C:\Windows\System32\win32u.dll
0x00007ff9b05c0000 - 0x00007ff9b05ec000 	C:\Windows\System32\GDI32.dll
0x00007ff9b0390000 - 0x00007ff9b04a5000 	C:\Windows\System32\gdi32full.dll
0x00007ff9b01c0000 - 0x00007ff9b025d000 	C:\Windows\System32\msvcp_win.dll
0x00007ff99a3d0000 - 0x00007ff99a3e9000 	C:\Users\Roua\Downloads\spring-tool-suite-4-4.19.0.RELEASE-e4.28.0-win32.win32.x86_64.self-extracting\contents\sts-4.19.0.RELEASE\plugins\org.eclipse.justj.openjdk.hotspot.jre.full.win32.x86_64_17.0.7.v20230425-1502\jre\bin\VCRUNTIME140.dll
0x00007ff9a0a90000 - 0x00007ff9a0d2a000 	C:\Windows\WinSxS\amd64_microsoft.windows.common-controls_6595b64144ccf1df_6.0.19041.1110_none_60b5254171f9507e\COMCTL32.dll
0x00007ff9b2010000 - 0x00007ff9b20ae000 	C:\Windows\System32\msvcrt.dll
0x00007ff9b0d90000 - 0x00007ff9b0dc0000 	C:\Windows\System32\IMM32.DLL
0x00007ff9aa7e0000 - 0x00007ff9aa7ec000 	C:\Users\Roua\Downloads\spring-tool-suite-4-4.19.0.RELEASE-e4.28.0-win32.win32.x86_64.self-extracting\contents\sts-4.19.0.RELEASE\plugins\org.eclipse.justj.openjdk.hotspot.jre.full.win32.x86_64_17.0.7.v20230425-1502\jre\bin\vcruntime140_1.dll
0x00007ff97b150000 - 0x00007ff97b1e1000 	C:\Users\Roua\Downloads\spring-tool-suite-4-4.19.0.RELEASE-e4.28.0-win32.win32.x86_64.self-extracting\contents\sts-4.19.0.RELEASE\plugins\org.eclipse.justj.openjdk.hotspot.jre.full.win32.x86_64_17.0.7.v20230425-1502\jre\bin\msvcp140.dll
0x00007ff969f80000 - 0x00007ff96abc8000 	C:\Users\Roua\Downloads\spring-tool-suite-4-4.19.0.RELEASE-e4.28.0-win32.win32.x86_64.self-extracting\contents\sts-4.19.0.RELEASE\plugins\org.eclipse.justj.openjdk.hotspot.jre.full.win32.x86_64_17.0.7.v20230425-1502\jre\bin\server\jvm.dll
0x00007ff9b08e0000 - 0x00007ff9b098f000 	C:\Windows\System32\ADVAPI32.dll
0x00007ff9b0c10000 - 0x00007ff9b0cac000 	C:\Windows\System32\sechost.dll
0x00007ff9b1520000 - 0x00007ff9b1646000 	C:\Windows\System32\RPCRT4.dll
0x00007ff99ff60000 - 0x00007ff99ff69000 	C:\Windows\SYSTEM32\WSOCK32.dll
0x00007ff9b1da0000 - 0x00007ff9b1e0b000 	C:\Windows\System32\WS2_32.dll
0x00007ff99ff30000 - 0x00007ff99ff57000 	C:\Windows\SYSTEM32\WINMM.dll
0x00007ff9a9770000 - 0x00007ff9a977a000 	C:\Windows\SYSTEM32\VERSION.dll
0x00007ff9ae360000 - 0x00007ff9ae372000 	C:\Windows\SYSTEM32\kernel.appcore.dll
0x00007ff9ac910000 - 0x00007ff9ac91a000 	C:\Users\Roua\Downloads\spring-tool-suite-4-4.19.0.RELEASE-e4.28.0-win32.win32.x86_64.self-extracting\contents\sts-4.19.0.RELEASE\plugins\org.eclipse.justj.openjdk.hotspot.jre.full.win32.x86_64_17.0.7.v20230425-1502\jre\bin\jimage.dll
0x00007ff9ad8c0000 - 0x00007ff9adaa4000 	C:\Windows\SYSTEM32\DBGHELP.DLL
0x00007ff9a57e0000 - 0x00007ff9a5814000 	C:\Windows\SYSTEM32\dbgcore.DLL
0x00007ff9afb60000 - 0x00007ff9afbe2000 	C:\Windows\System32\bcryptPrimitives.dll
0x00007ff9aa1a0000 - 0x00007ff9aa1c5000 	C:\Users\Roua\Downloads\spring-tool-suite-4-4.19.0.RELEASE-e4.28.0-win32.win32.x86_64.self-extracting\contents\sts-4.19.0.RELEASE\plugins\org.eclipse.justj.openjdk.hotspot.jre.full.win32.x86_64_17.0.7.v20230425-1502\jre\bin\java.dll
0x00007ff9aa310000 - 0x00007ff9aa328000 	C:\Users\Roua\Downloads\spring-tool-suite-4-4.19.0.RELEASE-e4.28.0-win32.win32.x86_64.self-extracting\contents\sts-4.19.0.RELEASE\plugins\org.eclipse.justj.openjdk.hotspot.jre.full.win32.x86_64_17.0.7.v20230425-1502\jre\bin\zip.dll
0x00007ff9b1650000 - 0x00007ff9b1d94000 	C:\Windows\System32\SHELL32.dll
0x00007ff9adab0000 - 0x00007ff9ae243000 	C:\Windows\SYSTEM32\windows.storage.dll
0x00007ff9b20b0000 - 0x00007ff9b2404000 	C:\Windows\System32\combase.dll
0x00007ff9af570000 - 0x00007ff9af59e000 	C:\Windows\SYSTEM32\Wldp.dll
0x00007ff9b0740000 - 0x00007ff9b07ed000 	C:\Windows\System32\SHCORE.dll
0x00007ff9b0dc0000 - 0x00007ff9b0e15000 	C:\Windows\System32\shlwapi.dll
0x00007ff9afa60000 - 0x00007ff9afa85000 	C:\Windows\SYSTEM32\profapi.dll
0x00007ff9a98b0000 - 0x00007ff9a98c9000 	C:\Users\Roua\Downloads\spring-tool-suite-4-4.19.0.RELEASE-e4.28.0-win32.win32.x86_64.self-extracting\contents\sts-4.19.0.RELEASE\plugins\org.eclipse.justj.openjdk.hotspot.jre.full.win32.x86_64_17.0.7.v20230425-1502\jre\bin\net.dll
0x00007ff9a6a40000 - 0x00007ff9a6b4a000 	C:\Windows\SYSTEM32\WINHTTP.dll
0x00007ff9af2d0000 - 0x00007ff9af33a000 	C:\Windows\system32\mswsock.dll
0x00007ff99a730000 - 0x00007ff99a745000 	C:\Users\Roua\Downloads\spring-tool-suite-4-4.19.0.RELEASE-e4.28.0-win32.win32.x86_64.self-extracting\contents\sts-4.19.0.RELEASE\plugins\org.eclipse.justj.openjdk.hotspot.jre.full.win32.x86_64_17.0.7.v20230425-1502\jre\bin\nio.dll
0x00007ff9aa480000 - 0x00007ff9aa489000 	C:\Users\Roua\Downloads\spring-tool-suite-4-4.19.0.RELEASE-e4.28.0-win32.win32.x86_64.self-extracting\contents\sts-4.19.0.RELEASE\plugins\org.eclipse.justj.openjdk.hotspot.jre.full.win32.x86_64_17.0.7.v20230425-1502\jre\bin\management.dll
0x00007ff9aa430000 - 0x00007ff9aa43b000 	C:\Users\Roua\Downloads\spring-tool-suite-4-4.19.0.RELEASE-e4.28.0-win32.win32.x86_64.self-extracting\contents\sts-4.19.0.RELEASE\plugins\org.eclipse.justj.openjdk.hotspot.jre.full.win32.x86_64_17.0.7.v20230425-1502\jre\bin\management_ext.dll
0x00007ff9b0ef0000 - 0x00007ff9b0ef8000 	C:\Windows\System32\PSAPI.DLL
0x00007ff97ed40000 - 0x00007ff97ed57000 	C:\Windows\system32\napinsp.dll
0x00007ff97ed20000 - 0x00007ff97ed3b000 	C:\Windows\system32\pnrpnsp.dll
0x00007ff97ed00000 - 0x00007ff97ed15000 	C:\Windows\system32\wshbth.dll
0x00007ff9acaa0000 - 0x00007ff9acabd000 	C:\Windows\system32\NLAapi.dll
0x00007ff9aef70000 - 0x00007ff9aefab000 	C:\Windows\SYSTEM32\IPHLPAPI.DLL
0x00007ff9aefc0000 - 0x00007ff9af08a000 	C:\Windows\SYSTEM32\DNSAPI.dll
0x00007ff9b0990000 - 0x00007ff9b0998000 	C:\Windows\System32\NSI.dll
0x00007ff97ece0000 - 0x00007ff97ecf2000 	C:\Windows\System32\winrnr.dll
0x00007ff99f990000 - 0x00007ff99f99a000 	C:\Windows\System32\rasadhlp.dll
0x00007ff9a0680000 - 0x00007ff9a0702000 	C:\Windows\System32\fwpuclnt.dll
0x00007ff9afb30000 - 0x00007ff9afb57000 	C:\Windows\System32\bcrypt.dll
0x00007ff9af4c0000 - 0x00007ff9af4d8000 	C:\Windows\SYSTEM32\CRYPTSP.dll
0x00007ff9aeb70000 - 0x00007ff9aeba4000 	C:\Windows\system32\rsaenh.dll
0x00007ff9afa20000 - 0x00007ff9afa4e000 	C:\Windows\SYSTEM32\USERENV.dll
0x00007ff9af4e0000 - 0x00007ff9af4ec000 	C:\Windows\SYSTEM32\CRYPTBASE.dll
0x00007ff9a7e60000 - 0x00007ff9a7e77000 	C:\Windows\SYSTEM32\dhcpcsvc6.DLL
0x00007ff9a7ef0000 - 0x00007ff9a7f0d000 	C:\Windows\SYSTEM32\dhcpcsvc.DLL
0x00007ff9ac8c0000 - 0x00007ff9ac8d0000 	C:\Users\Roua\Downloads\spring-tool-suite-4-4.19.0.RELEASE-e4.28.0-win32.win32.x86_64.self-extracting\contents\sts-4.19.0.RELEASE\plugins\org.eclipse.justj.openjdk.hotspot.jre.full.win32.x86_64_17.0.7.v20230425-1502\jre\bin\verify.dll
0x00007ff9ac220000 - 0x00007ff9ac22e000 	C:\Users\Roua\Downloads\spring-tool-suite-4-4.19.0.RELEASE-e4.28.0-win32.win32.x86_64.self-extracting\contents\sts-4.19.0.RELEASE\plugins\org.eclipse.justj.openjdk.hotspot.jre.full.win32.x86_64_17.0.7.v20230425-1502\jre\bin\sunmscapi.dll
0x00007ff9afbf0000 - 0x00007ff9afd4e000 	C:\Windows\System32\CRYPT32.dll
0x00007ff9af5e0000 - 0x00007ff9af608000 	C:\Windows\SYSTEM32\ncrypt.dll
0x00007ff9af5a0000 - 0x00007ff9af5db000 	C:\Windows\SYSTEM32\NTASN1.dll
0x00007ff9aa0e0000 - 0x00007ff9aa0e7000 	C:\Windows\system32\wshunix.dll

dbghelp: loaded successfully - version: 4.0.5 - missing functions: none
symbol engine: initialized successfully - sym options: 0x614 - pdb path: .;C:\Users\Roua\Downloads\spring-tool-suite-4-4.19.0.RELEASE-e4.28.0-win32.win32.x86_64.self-extracting\contents\sts-4.19.0.RELEASE\plugins\org.eclipse.justj.openjdk.hotspot.jre.full.win32.x86_64_17.0.7.v20230425-1502\jre\bin;C:\Windows\SYSTEM32;C:\Program Files\Avast Software\Avast;C:\Windows\WinSxS\amd64_microsoft.windows.common-controls_6595b64144ccf1df_6.0.19041.1110_none_60b5254171f9507e;C:\Users\Roua\Downloads\spring-tool-suite-4-4.19.0.RELEASE-e4.28.0-win32.win32.x86_64.self-extracting\contents\sts-4.19.0.RELEASE\plugins\org.eclipse.justj.openjdk.hotspot.jre.full.win32.x86_64_17.0.7.v20230425-1502\jre\bin\server

VM Arguments:
jvm_args: -Dcom.sun.management.jmxremote -Dcom.sun.management.jmxremote.port=57394 -Dcom.sun.management.jmxremote.authenticate=false -Dcom.sun.management.jmxremote.ssl=false -Djava.rmi.server.hostname=localhost -Dspring.jmx.enabled=true -Dmanagement.endpoints.jmx.exposure.include=* -Dspring.application.admin.enabled=true -XX:TieredStopAtLevel=1 -Dspring.boot.project.name=STARTBUY -Dfile.encoding=UTF-8 -XX:+ShowCodeDetailsInExceptionMessages 
java_command: com.sb.STARTBUY.StartbuyApplication --spring.output.ansi.enabled=always
java_class_path (initial): C:\Users\Roua\Downloads\STARTBUY\STARTBUY\target\classes;C:\Users\Roua\.m2\repository\org\springframework\boot\spring-boot-starter-web\2.7.13\spring-boot-starter-web-2.7.13.jar;C:\Users\Roua\.m2\repository\org\springframework\boot\spring-boot-starter\2.7.13\spring-boot-starter-2.7.13.jar;C:\Users\Roua\.m2\repository\org\springframework\boot\spring-boot-starter-logging\2.7.13\spring-boot-starter-logging-2.7.13.jar;C:\Users\Roua\.m2\repository\ch\qos\logback\logback-classic\1.2.12\logback-classic-1.2.12.jar;C:\Users\Roua\.m2\repository\ch\qos\logback\logback-core\1.2.12\logback-core-1.2.12.jar;C:\Users\Roua\.m2\repository\org\apache\logging\log4j\log4j-to-slf4j\2.17.2\log4j-to-slf4j-2.17.2.jar;C:\Users\Roua\.m2\repository\org\apache\logging\log4j\log4j-api\2.17.2\log4j-api-2.17.2.jar;C:\Users\Roua\.m2\repository\org\slf4j\jul-to-slf4j\1.7.36\jul-to-slf4j-1.7.36.jar;C:\Users\Roua\.m2\repository\jakarta\annotation\jakarta.annotation-api\1.3.5\jakarta.annotation-api-1.3.5.jar;C:\Users\Roua\.m2\repository\org\yaml\snakeyaml\1.30\snakeyaml-1.30.jar;C:\Users\Roua\.m2\repository\org\springframework\boot\spring-boot-starter-json\2.7.13\spring-boot-starter-json-2.7.13.jar;C:\Users\Roua\.m2\repository\com\fasterxml\jackson\core\jackson-databind\2.13.5\jackson-databind-2.13.5.jar;C:\Users\Roua\.m2\repository\com\fasterxml\jackson\core\jackson-annotations\2.13.5\jackson-annotations-2.13.5.jar;C:\Users\Roua\.m2\repository\com\fasterxml\jackson\core\jackson-core\2.13.5\jackson-core-2.13.5.jar;C:\Users\Roua\.m2\repository\com\fasterxml\jackson\datatype\jackson-datatype-jdk8\2.13.5\jackson-datatype-jdk8-2.13.5.jar;C:\Users\Roua\.m2\repository\com\fasterxml\jackson\datatype\jackson-datatype-jsr310\2.13.5\jackson-datatype-jsr310-2.13.5.jar;C:\Users\Roua\.m2\repository\com\fasterxml\jackson\module\jackson-module-parameter-names\2.13.5\jackson-module-parameter-names-2.13.5.jar;C:\Users\Roua\.m2\repository\org\springframework\boot\spring-boot-starter-tomcat\2.
Launcher Type: SUN_STANDARD

[Global flags]
     intx CICompilerCount                          = 3                                         {product} {ergonomic}
     uint ConcGCThreads                            = 1                                         {product} {ergonomic}
     uint G1ConcRefinementThreads                  = 4                                         {product} {ergonomic}
   size_t G1HeapRegionSize                         = 1048576                                   {product} {ergonomic}
    uintx GCDrainStackTargetSize                   = 64                                        {product} {ergonomic}
   size_t InitialHeapSize                          = 65011712                                  {product} {ergonomic}
     bool ManagementServer                         = true                                      {product} {command line}
   size_t MarkStackSize                            = 4194304                                   {product} {ergonomic}
   size_t MaxHeapSize                              = 1040187392                                {product} {ergonomic}
   size_t MaxNewSize                               = 623902720                                 {product} {ergonomic}
   size_t MinHeapDeltaBytes                        = 1048576                                   {product} {ergonomic}
   size_t MinHeapSize                              = 8388608                                   {product} {ergonomic}
    uintx NonProfiledCodeHeapSize                  = 0                                      {pd product} {ergonomic}
     bool ProfileInterpreter                       = false                                  {pd product} {command line}
    uintx ProfiledCodeHeapSize                     = 0                                      {pd product} {ergonomic}
     bool ShowCodeDetailsInExceptionMessages       = true                                   {manageable} {command line}
   size_t SoftMaxHeapSize                          = 1040187392                             {manageable} {ergonomic}
     intx TieredStopAtLevel                        = 1                                         {product} {command line}
     bool UseCompressedClassPointers               = true                           {product lp64_product} {ergonomic}
     bool UseCompressedOops                        = true                           {product lp64_product} {ergonomic}
     bool UseG1GC                                  = true                                      {product} {ergonomic}
     bool UseLargePagesIndividualAllocation        = false                                  {pd product} {ergonomic}

Logging:
Log output configuration:
 #0: stdout all=warning uptime,level,tags
 #1: stderr all=off uptime,level,tags

Environment Variables:
PATH=C:/Users/Roua/Downloads/spring-tool-suite-4-4.19.0.RELEASE-e4.28.0-win32.win32.x86_64.self-extracting/contents/sts-4.19.0.RELEASE//plugins/org.eclipse.justj.openjdk.hotspot.jre.full.win32.x86_64_17.0.7.v20230425-1502/jre/bin/server;C:/Users/Roua/Downloads/spring-tool-suite-4-4.19.0.RELEASE-e4.28.0-win32.win32.x86_64.self-extracting/contents/sts-4.19.0.RELEASE//plugins/org.eclipse.justj.openjdk.hotspot.jre.full.win32.x86_64_17.0.7.v20230425-1502/jre/bin;C:\xamp\php;C:\oracle\product\10.2.0\db_6\bin;C:\oracle\product\10.2.0\db_5\bin;C:\oracle\product\10.2.0\db_4\bin;C:\oracle\product\10.2.0\db_3\bin;C:\oracle\product\10.2.0\db_2\bin;C:\oracle\product\10.2.0\db_1\bin;C:\Windows\system32;C:\Windows;C:\Windows\System32\Wbem;C:\Windows\System32\WindowsPowerShell\v1.0\;C:\Windows\System32\OpenSSH\;C:\Program Files\nodejs\;C:\ProgramData\chocolatey\bin;C:\Program Files\Git\cmd;C:\xamp\phpMyAdmin;C:\Users\Roua\AppData\Local\Programs\Python\Python311\Scripts\;C:\Users\Roua\AppData\Local\Programs\Python\Python311\;C:\Users\Roua\AppData\Local\Microsoft\WindowsApps;C:\Users\Roua\AppData\Local\Programs\Microsoft VS Code\bin;C:\Program Files\CodeBlocks\MinGW\bin;C:\Users\Roua\AppData\Roaming\npm;C:\Users\Roua\AppData\Local\GitHubDesktop\bin;C:\Users\Roua\Downloads\spring-tool-suite-4-4.19.0.RELEASE-e4.28.0-win32.win32.x86_64.self-extracting\contents\sts-4.19.0.RELEASE;
USERNAME=Roua
OS=Windows_NT
PROCESSOR_IDENTIFIER=Intel64 Family 6 Model 142 Stepping 9, GenuineIntel
TMP=C:\Users\Roua\AppData\Local\Temp
TEMP=C:\Users\Roua\AppData\Local\Temp



---------------  S Y S T E M  ---------------

OS:
 Windows 10 , 64 bit Build 19041 (10.0.19041.3155)
OS uptime: 5 days 5:30 hours

CPU: total 4 (initial active 4) (2 cores per cpu, 2 threads per core) family 6 model 142 stepping 9 microcode 0xb4, cx8, cmov, fxsr, ht, mmx, 3dnowpref, sse, sse2, sse3, ssse3, sse4.1, sse4.2, popcnt, lzcnt, tsc, tscinvbit, avx, avx2, aes, erms, clmul, bmi1, bmi2, adx, fma, vzeroupper, clflush, clflushopt

Memory: 4k page, system-wide physical 3962M (189M free)
TotalPageFile size 16250M (AvailPageFile size 53M)
current process WorkingSet (physical memory assigned to process): 29M, peak: 146M
current process commit charge ("private bytes"): 217M, peak: 276M

vm_info: OpenJDK 64-Bit Server VM (17.0.7+7) for windows-amd64 JRE (17.0.7+7), built on Apr 18 2023 22:10:42 by "temurin" with MS VC++ 16.7 (VS2019)

END.
