#
# There is insufficient memory for the Java Runtime Environment to continue.
# Native memory allocation (malloc) failed to allocate 1048576 bytes for AllocateHeap
# Possible reasons:
#   The system is out of physical RAM or swap space
#   The process is running with CompressedOops enabled, and the Java Heap may be blocking the growth of the native heap
# Possible solutions:
#   Reduce memory load on the system
#   Increase physical memory or swap space
#   Check if swap backing store is full
#   Decrease Java heap size (-Xmx/-Xms)
#   Decrease number of Java threads
#   Decrease Java thread stack sizes (-Xss)
#   Set larger code cache with -XX:ReservedCodeCacheSize=
#   JVM is running with Unscaled Compressed Oops mode in which the Java heap is
#     placed in the first 4GB address space. The Java Heap base address is the
#     maximum limit for the native heap growth. Please use -XX:HeapBaseMinAddress
#     to set the Java Heap base and to place the Java Heap above 4GB virtual address.
# This output file may be truncated or incomplete.
#
#  Out of Memory Error (allocation.cpp:44), pid=2904, tid=7172
#
# JRE version: OpenJDK Runtime Environment Temurin-17.0.7+7 (17.0.7+7) (build 17.0.7+7)
# Java VM: OpenJDK 64-Bit Server VM Temurin-17.0.7+7 (17.0.7+7, mixed mode, emulated-client, tiered, compressed oops, compressed class ptrs, g1 gc, windows-amd64)
# No core dump will be written. Minidumps are not enabled by default on client versions of Windows
#

---------------  S U M M A R Y ------------

Command Line: -Dcom.sun.management.jmxremote -Dcom.sun.management.jmxremote.port=50744 -Dcom.sun.management.jmxremote.authenticate=false -Dcom.sun.management.jmxremote.ssl=false -Djava.rmi.server.hostname=localhost -Dspring.jmx.enabled=true -Dmanagement.endpoints.jmx.exposure.include=* -Dspring.application.admin.enabled=true -XX:TieredStopAtLevel=1 -Dspring.boot.project.name=STARTBUY -Dfile.encoding=UTF-8 -XX:+ShowCodeDetailsInExceptionMessages com.sb.STARTBUY.StartbuyApplication --spring.output.ansi.enabled=always

Host: Intel(R) Core(TM) i5-7200U CPU @ 2.50GHz, 4 cores, 3G,  Windows 10 , 64 bit Build 19041 (10.0.19041.3155)
Time: Thu Aug 24 17:47:05 2023 Europe centrale (heure dld 19041 (10.0.19041.3155) elapsed time: 1498.789402 seconds (0d 0h 24m 58s)

---------------  T H R E A D  ---------------

Current thread (0x000002de5a6ec540):  VMThread "VM Thread" [stack: 0x000000f232900000,0x000000f232a00000] [id=7172]

Stack: [0x000000f232900000,0x000000f232a00000]
Native frames: (J=compiled Java code, j=interpreted, Vv=VM code, C=native code)
V  [jvm.dll+0x67754a]
V  [jvm.dll+0x834304]
V  [jvm.dll+0x835aae]
V  [jvm.dll+0x836113]
V  [jvm.dll+0x24696f]
V  [jvm.dll+0xa681f]
V  [jvm.dll+0x2f73f3]
V  [jvm.dll+0x2f30f0]
V  [jvm.dll+0x2db6c7]
V  [jvm.dll+0x31e777]
V  [jvm.dll+0x83a5bb]
V  [jvm.dll+0x83b2f4]
V  [jvm.dll+0x83b80c]
V  [jvm.dll+0x83bbe4]
V  [jvm.dll+0x83bcb0]
V  [jvm.dll+0x7e4e7a]
V  [jvm.dll+0x676395]
C  [ucrtbase.dll+0x21bb2]
C  [KERNEL32.DLL+0x17614]
C  [ntdll.dll+0x526b1]

VM_Operation (0x000000f2320ff120): G1CollectFull, mode: safepoint, requested by thread 0x000002de60e7dc00


---------------  P R O C E S S  ---------------

Threads class SMR info:
_java_thread_list=0x000002de60c090d0, length=20, elements={
0x000002de5a702670, 0x000002de5a7033f0, 0x000002de5a6d2670, 0x000002de5a6d2f30,
0x000002de5a6d37f0, 0x000002de5a85e840, 0x000002de5a867110, 0x000002de5a867a10,
0x000002de5a668ec0, 0x000002de5aa09da0, 0x000002de5f315430, 0x000002de5f31fd40,
0x000002de5f312c90, 0x000002de5aa48e30, 0x000002de5f464a30, 0x000002de5f663f80,
0x000002de5f6652c0, 0x000002de5f665790, 0x000002de60e7b580, 0x000002de60e7dc00
}

Java Threads: ( => current thread )
  0x000002de5a702670 JavaThread "Reference Handler" daemon [_thread_blocked, id=16872, stack(0x000000f232a00000,0x000000f232b00000)]
  0x000002de5a7033f0 JavaThread "Finalizer" daemon [_thread_blocked, id=14172, stack(0x000000f232b00000,0x000000f232c00000)]
  0x000002de5a6d2670 JavaThread "Signal Dispatcher" daemon [_thread_blocked, id=19244, stack(0x000000f232c00000,0x000000f232d00000)]
  0x000002de5a6d2f30 JavaThread "Attach Listener" daemon [_thread_blocked, id=19080, stack(0x000000f232d00000,0x000000f232e00000)]
  0x000002de5a6d37f0 JavaThread "Service Thread" daemon [_thread_blocked, id=19332, stack(0x000000f232e00000,0x000000f232f00000)]
  0x000002de5a85e840 JavaThread "Monitor Deflation Thread" daemon [_thread_blocked, id=8044, stack(0x000000f232f00000,0x000000f233000000)]
  0x000002de5a867110 JavaThread "C1 CompilerThread0" daemon [_thread_blocked, id=15600, stack(0x000000f233000000,0x000000f233100000)]
  0x000002de5a867a10 JavaThread "Sweeper thread" daemon [_thread_blocked, id=18128, stack(0x000000f233100000,0x000000f233200000)]
  0x000002de5a668ec0 JavaThread "Common-Cleaner" daemon [_thread_blocked, id=11932, stack(0x000000f233200000,0x000000f233300000)]
  0x000002de5aa09da0 JavaThread "Notification Thread" daemon [_thread_blocked, id=19360, stack(0x000000f233300000,0x000000f233400000)]
  0x000002de5f315430 JavaThread "RMI TCP Accept-0" daemon [_thread_in_native, id=15916, stack(0x000000f233500000,0x000000f233600000)]
  0x000002de5f31fd40 JavaThread "RMI TCP Accept-50744" daemon [_thread_in_native, id=2724, stack(0x000000f233600000,0x000000f233700000)]
  0x000002de5f312c90 JavaThread "RMI TCP Accept-0" daemon [_thread_in_native, id=9508, stack(0x000000f233700000,0x000000f233800000)]
  0x000002de5aa48e30 JavaThread "RMI Scheduler(0)" daemon [_thread_blocked, id=9496, stack(0x000000f233f00000,0x000000f234000000)]
  0x000002de5f464a30 JavaThread "RMI TCP Connection(idle)" daemon [_thread_blocked, id=18216, stack(0x000000f234000000,0x000000f234100000)]
  0x000002de5f663f80 JavaThread "JMX server connection timeout 21" daemon [_thread_blocked, id=15136, stack(0x000000f234100000,0x000000f234200000)]
  0x000002de5f6652c0 JavaThread "mysql-cj-abandoned-connection-cleanup" daemon [_thread_blocked, id=10032, stack(0x000000f234700000,0x000000f234800000)]
  0x000002de5f665790 JavaThread "Live Reload Server" daemon [_thread_in_native, id=17424, stack(0x000000f234d00000,0x000000f234e00000)]
  0x000002de60e7b580 JavaThread "DestroyJavaVM" [_thread_blocked, id=9296, stack(0x000000f232300000,0x000000f232400000)]
  0x000002de60e7dc00 JavaThread "Thread-23" [_thread_blocked, id=17184, stack(0x000000f232000000,0x000000f232100000)]

Other Threads:
=>0x000002de5a6ec540 VMThread "VM Thread" [stack: 0x000000f232900000,0x000000f232a00000] [id=7172]
  0x000002de4d905e10 WatcherThread [stack: 0x000000f233800000,0x000000f233900000] [id=13352]
  0x000002de4d8ead30 GCTaskThread "GC Thread#0" [stack: 0x000000f232400000,0x000000f232500000] [id=17436]
  0x000002de5f4a8a50 GCTaskThread "GC Thread#1" [stack: 0x000000f233a00000,0x000000f233b00000] [id=14444]
  0x000002de5f6421d0 GCTaskThread "GC Thread#2" [stack: 0x000000f233b00000,0x000000f233c00000] [id=11552]
  0x000002de5f642480 GCTaskThread "GC Thread#3" [stack: 0x000000f233c00000,0x000000f233d00000] [id=6304]
  0x000002de4d8f3780 ConcurrentGCThread "G1 Main Marker" [stack: 0x000000f232500000,0x000000f232600000] [id=15756]
  0x000002de4d8f6190 ConcurrentGCThread "G1 Conc#0" [stack: 0x000000f232600000,0x000000f232700000] [id=17488]
  0x000002de5a530090 ConcurrentGCThread "G1 Refine#0" [stack: 0x000000f232700000,0x000000f232800000] [id=18192]
  0x000002de5f465c30 ConcurrentGCThread "G1 Refine#1" [stack: 0x000000f233d00000,0x000000f233e00000] [id=1832]
  0x000002de5aa48b50 ConcurrentGCThread "G1 Refine#2" [stack: 0x000000f233e00000,0x000000f233f00000] [id=11064]
  0x000002de5a5309c0 ConcurrentGCThread "G1 Service" [stack: 0x000000f232800000,0x000000f232900000] [id=18388]

Threads with active compile tasks:

VM state: at safepoint (normal execution)

VM Mutex/Monitor currently owned by a thread:  ([mutex/lock_event])
[0x000002de4d8a9a40] Threads_lock - owner thread: 0x000002de5a6ec540
[0x000002de4d8a9140] Heap_lock - owner thread: 0x000002de60e7dc00

OutOfMemory and StackOverflow Exception counts:
StackOverflowErrors=15
LinkageErrors=127

Heap address: 0x00000000c2000000, size: 992 MB, Compressed Oops mode: 32-bit

CDS archive(s) not mapped
Compressed class space mapped at: 0x0000000100000000-0x0000000140000000, reserved size: 1073741824
Narrow klass base: 0x0000000000000000, Narrow klass shift: 3, Narrow klass range: 0x140000000

GC Precious Log:
 CPUs: 4 total, 4 available
 Memory: 3962M
 Large Page Support: Disabled
 NUMA Support: Disabled
 Compressed Oops: Enabled (32-bit)
 Heap Region Size: 1M
 Heap Min Capacity: 8M
 Heap Initial Capacity: 62M
 Heap Max Capacity: 992M
 Pre-touch: Disabled
 Parallel Workers: 4
 Concurrent Workers: 1
 Concurrent Refinement Workers: 4
 Periodic GC: Disabled

Heap:
 garbage-first heap   total 75776K, used 49246K [0x00000000c2000000, 0x0000000100000000)
  region size 1024K, 26 young (26624K), 3 survivors (3072K)
 Metaspace       used 68497K, committed 69056K, reserved 1114112K
  class space    used 9155K, committed 9408K, reserved 1048576K

Heap Regions: E=young(eden), S=young(survivor), O=old, HS=humongous(starts), HC=humongous(continues), CS=collection set, F=free, OA=open archive, CA=closed archive, TAMS=top-at-mark-start (previous, next)
|   0|0x00000000c2000000, 0x00000000c2100000, 0x00000000c2100000|100%|HS|  |TAMS 0x00000000c2100000, 0x00000000c2000000| Untracked 
|   1|0x00000000c2100000, 0x00000000c2200000, 0x00000000c2200000|100%| O|  |TAMS 0x00000000c2200000, 0x00000000c2100000| Untracked 
|   2|0x00000000c2200000, 0x00000000c22ffff8, 0x00000000c2300000| 99%| O|  |TAMS 0x00000000c22ffff8, 0x00000000c2200000| Untracked 
|   3|0x00000000c2300000, 0x00000000c23fffb8, 0x00000000c2400000| 99%| O|  |TAMS 0x00000000c23fffb8, 0x00000000c2300000| Untracked 
|   4|0x00000000c2400000, 0x00000000c2500000, 0x00000000c2500000|100%| O|  |TAMS 0x00000000c2500000, 0x00000000c2400000| Untracked 
|   5|0x00000000c2500000, 0x00000000c2600000, 0x00000000c2600000|100%| O|  |TAMS 0x00000000c2600000, 0x00000000c2500000| Untracked 
|   6|0x00000000c2600000, 0x00000000c26fffe0, 0x00000000c2700000| 99%| O|  |TAMS 0x00000000c26fffe0, 0x00000000c2600000| Untracked 
|   7|0x00000000c2700000, 0x00000000c27ffff0, 0x00000000c2800000| 99%| O|  |TAMS 0x00000000c27ffff0, 0x00000000c2700000| Untracked 
|   8|0x00000000c2800000, 0x00000000c2900000, 0x00000000c2900000|100%| O|  |TAMS 0x00000000c2900000, 0x00000000c2800000| Untracked 
|   9|0x00000000c2900000, 0x00000000c2a00000, 0x00000000c2a00000|100%| O|  |TAMS 0x00000000c2a00000, 0x00000000c2900000| Untracked 
|  10|0x00000000c2a00000, 0x00000000c2b00000, 0x00000000c2b00000|100%| O|  |TAMS 0x00000000c2b00000, 0x00000000c2a00000| Untracked 
|  11|0x00000000c2b00000, 0x00000000c2bfffb8, 0x00000000c2c00000| 99%| O|  |TAMS 0x00000000c2bfffb8, 0x00000000c2b00000| Untracked 
|  12|0x00000000c2c00000, 0x00000000c2cffff0, 0x00000000c2d00000| 99%| O|  |TAMS 0x00000000c2cffff0, 0x00000000c2c00000| Untracked 
|  13|0x00000000c2d00000, 0x00000000c2dfffe8, 0x00000000c2e00000| 99%| O|  |TAMS 0x00000000c2dfffe8, 0x00000000c2d00000| Untracked 
|  14|0x00000000c2e00000, 0x00000000c2f00000, 0x00000000c2f00000|100%| O|  |TAMS 0x00000000c2f00000, 0x00000000c2e00000| Untracked 
|  15|0x00000000c2f00000, 0x00000000c2ffffd8, 0x00000000c3000000| 99%| O|  |TAMS 0x00000000c2ffffd8, 0x00000000c2f00000| Untracked 
|  16|0x00000000c3000000, 0x00000000c30ffff0, 0x00000000c3100000| 99%| O|  |TAMS 0x00000000c30ffff0, 0x00000000c3000000| Untracked 
|  17|0x00000000c3100000, 0x00000000c31fffe0, 0x00000000c3200000| 99%| O|  |TAMS 0x00000000c31fffe0, 0x00000000c3100000| Untracked 
|  18|0x00000000c3200000, 0x00000000c3300000, 0x00000000c3300000|100%| O|  |TAMS 0x00000000c3200000, 0x00000000c3200000| Untracked 
|  19|0x00000000c3300000, 0x00000000c33ffff8, 0x00000000c3400000| 99%| O|  |TAMS 0x00000000c3300000, 0x00000000c3300000| Untracked 
|  20|0x00000000c3400000, 0x00000000c34ec2b0, 0x00000000c3500000| 92%| O|  |TAMS 0x00000000c3400000, 0x00000000c3400000| Untracked 
|  21|0x00000000c3500000, 0x00000000c357dae8, 0x00000000c3600000| 49%| O|  |TAMS 0x00000000c3500000, 0x00000000c3500000| Untracked 
|  22|0x00000000c3600000, 0x00000000c3700000, 0x00000000c3700000|100%| O|  |TAMS 0x00000000c3600000, 0x00000000c3600000| Untracked 
|  23|0x00000000c3700000, 0x00000000c3800000, 0x00000000c3800000|100%| O|  |TAMS 0x00000000c3700000, 0x00000000c3700000| Untracked 
|  24|0x00000000c3800000, 0x00000000c3889600, 0x00000000c3900000| 53%| O|  |TAMS 0x00000000c3800000, 0x00000000c3800000| Untracked 
|  25|0x00000000c3900000, 0x00000000c3900000, 0x00000000c3a00000|  0%| F|  |TAMS 0x00000000c3900000, 0x00000000c3900000| Untracked 
|  26|0x00000000c3a00000, 0x00000000c3a00000, 0x00000000c3b00000|  0%| F|  |TAMS 0x00000000c3a00000, 0x00000000c3a00000| Untracked 
|  27|0x00000000c3b00000, 0x00000000c3b00000, 0x00000000c3c00000|  0%| F|  |TAMS 0x00000000c3b00000, 0x00000000c3b00000| Untracked 
|  28|0x00000000c3c00000, 0x00000000c3c00000, 0x00000000c3d00000|  0%| F|  |TAMS 0x00000000c3c00000, 0x00000000c3c00000| Untracked 
|  29|0x00000000c3d00000, 0x00000000c3d00000, 0x00000000c3e00000|  0%| F|  |TAMS 0x00000000c3d00000, 0x00000000c3d00000| Untracked 
|  30|0x00000000c3e00000, 0x00000000c3e00000, 0x00000000c3f00000|  0%| F|  |TAMS 0x00000000c3e00000, 0x00000000c3e00000| Untracked 
|  31|0x00000000c3f00000, 0x00000000c3f00000, 0x00000000c4000000|  0%| F|  |TAMS 0x00000000c3f00000, 0x00000000c3f00000| Untracked 
|  32|0x00000000c4000000, 0x00000000c4000000, 0x00000000c4100000|  0%| F|  |TAMS 0x00000000c4000000, 0x00000000c4000000| Untracked 
|  33|0x00000000c4100000, 0x00000000c4100000, 0x00000000c4200000|  0%| F|  |TAMS 0x00000000c4100000, 0x00000000c4100000| Untracked 
|  34|0x00000000c4200000, 0x00000000c4200000, 0x00000000c4300000|  0%| F|  |TAMS 0x00000000c4200000, 0x00000000c4200000| Untracked 
|  35|0x00000000c4300000, 0x00000000c43248f0, 0x00000000c4400000| 14%| S|CS|TAMS 0x00000000c4300000, 0x00000000c4300000| Complete 
|  36|0x00000000c4400000, 0x00000000c4400000, 0x00000000c4500000|  0%| F|  |TAMS 0x00000000c4400000, 0x00000000c4400000| Untracked 
|  37|0x00000000c4500000, 0x00000000c4500000, 0x00000000c4600000|  0%| F|  |TAMS 0x00000000c4500000, 0x00000000c4500000| Untracked 
|  38|0x00000000c4600000, 0x00000000c4600000, 0x00000000c4700000|  0%| F|  |TAMS 0x00000000c4600000, 0x00000000c4600000| Untracked 
|  39|0x00000000c4700000, 0x00000000c4800000, 0x00000000c4800000|100%| S|CS|TAMS 0x00000000c4700000, 0x00000000c4700000| Complete 
|  40|0x00000000c4800000, 0x00000000c4900000, 0x00000000c4900000|100%| S|CS|TAMS 0x00000000c4800000, 0x00000000c4800000| Complete 
|  41|0x00000000c4900000, 0x00000000c4900000, 0x00000000c4a00000|  0%| F|  |TAMS 0x00000000c4900000, 0x00000000c4900000| Untracked 
|  42|0x00000000c4a00000, 0x00000000c4a00000, 0x00000000c4b00000|  0%| F|  |TAMS 0x00000000c4a00000, 0x00000000c4a00000| Untracked 
|  43|0x00000000c4b00000, 0x00000000c4b00000, 0x00000000c4c00000|  0%| F|  |TAMS 0x00000000c4b00000, 0x00000000c4b00000| Untracked 
|  44|0x00000000c4c00000, 0x00000000c4c00000, 0x00000000c4d00000|  0%| F|  |TAMS 0x00000000c4c00000, 0x00000000c4c00000| Untracked 
|  45|0x00000000c4d00000, 0x00000000c4d00000, 0x00000000c4e00000|  0%| F|  |TAMS 0x00000000c4d00000, 0x00000000c4d00000| Untracked 
|  46|0x00000000c4e00000, 0x00000000c4e00000, 0x00000000c4f00000|  0%| F|  |TAMS 0x00000000c4e00000, 0x00000000c4e00000| Untracked 
|  47|0x00000000c4f00000, 0x00000000c4f00000, 0x00000000c5000000|  0%| F|  |TAMS 0x00000000c4f00000, 0x00000000c4f00000| Untracked 
|  48|0x00000000c5000000, 0x00000000c5000000, 0x00000000c5100000|  0%| F|  |TAMS 0x00000000c5000000, 0x00000000c5000000| Untracked 
|  49|0x00000000c5100000, 0x00000000c5100000, 0x00000000c5200000|  0%| F|  |TAMS 0x00000000c5100000, 0x00000000c5100000| Untracked 
|  50|0x00000000c5200000, 0x00000000c5200000, 0x00000000c5300000|  0%| F|  |TAMS 0x00000000c5200000, 0x00000000c5200000| Untracked 
|  51|0x00000000c5300000, 0x00000000c536a568, 0x00000000c5400000| 41%| E|  |TAMS 0x00000000c5300000, 0x00000000c5300000| Complete 
|  52|0x00000000c5400000, 0x00000000c5500000, 0x00000000c5500000|100%| E|CS|TAMS 0x00000000c5400000, 0x00000000c5400000| Complete 
|  53|0x00000000c5500000, 0x00000000c5600000, 0x00000000c5600000|100%| E|CS|TAMS 0x00000000c5500000, 0x00000000c5500000| Complete 
|  54|0x00000000c5600000, 0x00000000c5700000, 0x00000000c5700000|100%| E|CS|TAMS 0x00000000c5600000, 0x00000000c5600000| Complete 
|  55|0x00000000c5700000, 0x00000000c5800000, 0x00000000c5800000|100%| E|CS|TAMS 0x00000000c5700000, 0x00000000c5700000| Complete 
|  56|0x00000000c5800000, 0x00000000c5900000, 0x00000000c5900000|100%| E|CS|TAMS 0x00000000c5800000, 0x00000000c5800000| Complete 
|  57|0x00000000c5900000, 0x00000000c5a00000, 0x00000000c5a00000|100%| E|CS|TAMS 0x00000000c5900000, 0x00000000c5900000| Complete 
|  58|0x00000000c5a00000, 0x00000000c5b00000, 0x00000000c5b00000|100%| E|CS|TAMS 0x00000000c5a00000, 0x00000000c5a00000| Complete 
|  59|0x00000000c5b00000, 0x00000000c5c00000, 0x00000000c5c00000|100%| E|CS|TAMS 0x00000000c5b00000, 0x00000000c5b00000| Complete 
|  60|0x00000000c5c00000, 0x00000000c5d00000, 0x00000000c5d00000|100%| E|CS|TAMS 0x00000000c5c00000, 0x00000000c5c00000| Complete 
|  61|0x00000000c5d00000, 0x00000000c5e00000, 0x00000000c5e00000|100%| E|CS|TAMS 0x00000000c5d00000, 0x00000000c5d00000| Complete 
|  62|0x00000000c5e00000, 0x00000000c5f00000, 0x00000000c5f00000|100%| E|CS|TAMS 0x00000000c5e00000, 0x00000000c5e00000| Complete 
|  63|0x00000000c5f00000, 0x00000000c6000000, 0x00000000c6000000|100%| E|CS|TAMS 0x00000000c5f00000, 0x00000000c5f00000| Complete 
|  64|0x00000000c6000000, 0x00000000c6100000, 0x00000000c6100000|100%| E|CS|TAMS 0x00000000c6000000, 0x00000000c6000000| Complete 
|  65|0x00000000c6100000, 0x00000000c6200000, 0x00000000c6200000|100%| E|CS|TAMS 0x00000000c6100000, 0x00000000c6100000| Complete 
|  66|0x00000000c6200000, 0x00000000c6300000, 0x00000000c6300000|100%| E|CS|TAMS 0x00000000c6200000, 0x00000000c6200000| Complete 
|  67|0x00000000c6300000, 0x00000000c6400000, 0x00000000c6400000|100%| E|CS|TAMS 0x00000000c6300000, 0x00000000c6300000| Complete 
|  68|0x00000000c6400000, 0x00000000c6500000, 0x00000000c6500000|100%| E|CS|TAMS 0x00000000c6400000, 0x00000000c6400000| Complete 
|  69|0x00000000c6500000, 0x00000000c6600000, 0x00000000c6600000|100%| E|CS|TAMS 0x00000000c6500000, 0x00000000c6500000| Complete 
|  70|0x00000000c6600000, 0x00000000c6700000, 0x00000000c6700000|100%| E|CS|TAMS 0x00000000c6600000, 0x00000000c6600000| Complete 
|  71|0x00000000c6700000, 0x00000000c6800000, 0x00000000c6800000|100%| E|CS|TAMS 0x00000000c6700000, 0x00000000c6700000| Complete 
|  72|0x00000000c6800000, 0x00000000c6900000, 0x00000000c6900000|100%| E|CS|TAMS 0x00000000c6800000, 0x00000000c6800000| Complete 
|  73|0x00000000c6900000, 0x00000000c6a00000, 0x00000000c6a00000|100%| E|CS|TAMS 0x00000000c6900000, 0x00000000c6900000| Complete 

Card table byte_map: [0x000002de55dd0000,0x000002de55fc0000] _byte_map_base: 0x000002de557c0000

Marking Bits (Prev, Next): (CMBitMap*) 0x000002de4d8eb290, (CMBitMap*) 0x000002de4d8eb250
 Prev Bits: [0x000002de57130000, 0x000002de580b0000)
 Next Bits: [0x000002de561b0000, 0x000002de57130000)

Polling page: 0x000002de4d970000

Metaspace:

Usage:
  Non-class:     57.95 MB used.
      Class:      8.94 MB used.
       Both:     66.89 MB used.

Virtual space:
  Non-class space:       64.00 MB reserved,      58.25 MB ( 91%) committed,  1 nodes.
      Class space:        1.00 GB reserved,       9.19 MB ( <1%) committed,  1 nodes.
             Both:        1.06 GB reserved,      67.44 MB (  6%) committed. 

Chunk freelists:
   Non-Class:  5.48 MB
       Class:  6.78 MB
        Both:  12.25 MB

MaxMetaspaceSize: unlimited
CompressedClassSpaceSize: 1.00 GB
Initial GC threshold: 21.00 MB
Current GC threshold: 112.19 MB
CDS: off
MetaspaceReclaimPolicy: balanced
 - commit_granule_bytes: 65536.
 - commit_granule_words: 8192.
 - virtual_space_node_default_size: 8388608.
 - enlarge_chunks_in_place: 1.
 - new_chunks_are_fully_committed: 0.
 - uncommit_free_chunks: 1.
 - use_allocation_guard: 0.
 - handle_deallocations: 1.


Internal statistics:

num_allocs_failed_limit: 11.
num_arena_births: 784.
num_arena_deaths: 222.
num_vsnodes_births: 2.
num_vsnodes_deaths: 0.
num_space_committed: 1081.
num_space_uncommitted: 2.
num_chunks_returned_to_freelist: 365.
num_chunks_taken_from_freelist: 3276.
num_chunk_merges: 91.
num_chunk_splits: 2112.
num_chunks_enlarged: 1541.
num_inconsistent_stats: 0.

CodeCache: size=49152Kb used=15832Kb max_used=16389Kb free=33319Kb
 bounds [0x000002de52740000, 0x000002de53750000, 0x000002de55740000]
 total_blobs=9928 nmethods=9282 adapters=572
 compilation: enabled
              stopped_count=0, restarted_count=0
 full_count=0

Compilation events (20 events):
Event: 1367.400 Thread 0x000002de5a867110 9291       1       java.util.TreeMap$KeySet::size (10 bytes)
Event: 1367.400 Thread 0x000002de5a867110 nmethod 9291 0x000002de53605290 code [0x000002de53605420, 0x000002de53605508]
Event: 1367.400 Thread 0x000002de5a867110 9292       1       jdk.internal.logger.AbstractLoggerWrapper::isLoggable (11 bytes)
Event: 1367.401 Thread 0x000002de5a867110 nmethod 9292 0x000002de53604f10 code [0x000002de536050c0, 0x000002de536051d8]
Event: 1367.405 Thread 0x000002de5f3d5530 9293       1       sun.security.provider.SHA2::implCompress (13 bytes)
Event: 1367.405 Thread 0x000002de5f3d5530 nmethod 9293 0x000002de53604990 code [0x000002de53604b40, 0x000002de53604d88]
Event: 1367.405 Thread 0x000002de5a867110 9294       1       sun.security.provider.SHA2::implCompressCheck (27 bytes)
Event: 1367.406 Thread 0x000002de5a867110 nmethod 9294 0x000002de53604490 code [0x000002de53604640, 0x000002de53604858]
Event: 1367.415 Thread 0x000002de5f3d5530 9295       1       org.springframework.aop.support.AopUtils::getTargetClass (53 bytes)
Event: 1367.415 Thread 0x000002de5f3d5530 nmethod 9295 0x000002de53603c90 code [0x000002de53603e80, 0x000002de53604228]
Event: 1367.432 Thread 0x000002de5f3d5530 9296       1       org.springframework.context.event.GenericApplicationListenerAdapter::supportsSourceType (32 bytes)
Event: 1367.432 Thread 0x000002de5f3d5530 nmethod 9296 0x000002de53603890 code [0x000002de53603a40, 0x000002de53603be8]
Event: 1404.529 Thread 0x000002de5a867110 9297  s!   1       java.net.Socket::close (47 bytes)
Event: 1404.555 Thread 0x000002de5a867110 nmethod 9297 0x000002de53603210 code [0x000002de536033e0, 0x000002de53603738]
Event: 1495.745 Thread 0x000002de5a867110 9298       1       java.net.InetAddress::<init> (21 bytes)
Event: 1495.770 Thread 0x000002de5a867110 nmethod 9298 0x000002de53602e10 code [0x000002de53602fa0, 0x000002de53603138]
Event: 1495.771 Thread 0x000002de5a867110 9303   !   1       java.net.NetworkInterface::getCheckedInetAddresses (109 bytes)
Event: 1495.830 Thread 0x000002de5a867110 nmethod 9303 0x000002de53602290 code [0x000002de53602480, 0x000002de53602a68]
Event: 1498.636 Thread 0x000002de5a867110 9304       1       com.mysql.cj.protocol.ExportControlled::isSSLEstablished (18 bytes)
Event: 1498.657 Thread 0x000002de5a867110 nmethod 9304 0x000002de53601f10 code [0x000002de536020a0, 0x000002de536021a8]

GC Heap History (20 events):
Event: 1108.115 GC heap before
{Heap before GC invocations=33 (full 2):
 garbage-first heap   total 78848K, used 58074K [0x00000000c2000000, 0x0000000100000000)
  region size 1024K, 36 young (36864K), 3 survivors (3072K)
 Metaspace       used 67490K, committed 67968K, reserved 1114112K
  class space    used 9055K, committed 9280K, reserved 1048576K
}
Event: 1108.138 GC heap after
{Heap after GC invocations=34 (full 2):
 garbage-first heap   total 78848K, used 27167K [0x00000000c2000000, 0x0000000100000000)
  region size 1024K, 3 young (3072K), 3 survivors (3072K)
 Metaspace       used 67490K, committed 67968K, reserved 1114112K
  class space    used 9055K, committed 9280K, reserved 1048576K
}
Event: 1237.268 GC heap before
{Heap before GC invocations=34 (full 2):
 garbage-first heap   total 78848K, used 48671K [0x00000000c2000000, 0x0000000100000000)
  region size 1024K, 25 young (25600K), 3 survivors (3072K)
 Metaspace       used 67523K, committed 68032K, reserved 1114112K
  class space    used 9057K, committed 9280K, reserved 1048576K
}
Event: 1238.058 GC heap after
{Heap after GC invocations=35 (full 3):
 garbage-first heap   total 75776K, used 21688K [0x00000000c2000000, 0x0000000100000000)
  region size 1024K, 0 young (0K), 0 survivors (0K)
 Metaspace       used 67489K, committed 68032K, reserved 1114112K
  class space    used 9048K, committed 9280K, reserved 1048576K
}
Event: 1241.994 GC heap before
{Heap before GC invocations=35 (full 3):
 garbage-first heap   total 75776K, used 56504K [0x00000000c2000000, 0x0000000100000000)
  region size 1024K, 34 young (34816K), 0 survivors (0K)
 Metaspace       used 67622K, committed 68096K, reserved 1114112K
  class space    used 9071K, committed 9280K, reserved 1048576K
}
Event: 1242.013 GC heap after
{Heap after GC invocations=36 (full 3):
 garbage-first heap   total 75776K, used 24466K [0x00000000c2000000, 0x0000000100000000)
  region size 1024K, 3 young (3072K), 3 survivors (3072K)
 Metaspace       used 67622K, committed 68096K, reserved 1114112K
  class space    used 9071K, committed 9280K, reserved 1048576K
}
Event: 1244.000 GC heap before
{Heap before GC invocations=36 (full 3):
 garbage-first heap   total 75776K, used 58258K [0x00000000c2000000, 0x0000000100000000)
  region size 1024K, 36 young (36864K), 3 survivors (3072K)
 Metaspace       used 67966K, committed 68480K, reserved 1114112K
  class space    used 9101K, committed 9344K, reserved 1048576K
}
Event: 1244.034 GC heap after
{Heap after GC invocations=37 (full 3):
 garbage-first heap   total 75776K, used 26488K [0x00000000c2000000, 0x0000000100000000)
  region size 1024K, 5 young (5120K), 5 survivors (5120K)
 Metaspace       used 67966K, committed 68480K, reserved 1114112K
  class space    used 9101K, committed 9344K, reserved 1048576K
}
Event: 1276.135 GC heap before
{Heap before GC invocations=37 (full 3):
 garbage-first heap   total 75776K, used 58232K [0x00000000c2000000, 0x0000000100000000)
  region size 1024K, 37 young (37888K), 5 survivors (5120K)
 Metaspace       used 68037K, committed 68544K, reserved 1114112K
  class space    used 9112K, committed 9344K, reserved 1048576K
}
Event: 1277.286 GC heap after
{Heap after GC invocations=38 (full 4):
 garbage-first heap   total 75776K, used 22536K [0x00000000c2000000, 0x0000000100000000)
  region size 1024K, 0 young (0K), 0 survivors (0K)
 Metaspace       used 68025K, committed 68544K, reserved 1114112K
  class space    used 9110K, committed 9344K, reserved 1048576K
}
Event: 1280.380 GC heap before
{Heap before GC invocations=38 (full 4):
 garbage-first heap   total 75776K, used 57352K [0x00000000c2000000, 0x0000000100000000)
  region size 1024K, 34 young (34816K), 0 survivors (0K)
 Metaspace       used 68169K, committed 68736K, reserved 1114112K
  class space    used 9132K, committed 9408K, reserved 1048576K
}
Event: 1280.392 GC heap after
{Heap after GC invocations=39 (full 4):
 garbage-first heap   total 75776K, used 25367K [0x00000000c2000000, 0x0000000100000000)
  region size 1024K, 3 young (3072K), 3 survivors (3072K)
 Metaspace       used 68169K, committed 68736K, reserved 1114112K
  class space    used 9132K, committed 9408K, reserved 1048576K
}
Event: 1291.724 GC heap before
{Heap before GC invocations=39 (full 4):
 garbage-first heap   total 75776K, used 58135K [0x00000000c2000000, 0x0000000100000000)
  region size 1024K, 35 young (35840K), 3 survivors (3072K)
 Metaspace       used 68458K, committed 68992K, reserved 1114112K
  class space    used 9156K, committed 9408K, reserved 1048576K
}
Event: 1291.732 GC heap after
{Heap after GC invocations=40 (full 4):
 garbage-first heap   total 75776K, used 27193K [0x00000000c2000000, 0x0000000100000000)
  region size 1024K, 5 young (5120K), 5 survivors (5120K)
 Metaspace       used 68458K, committed 68992K, reserved 1114112K
  class space    used 9156K, committed 9408K, reserved 1048576K
}
Event: 1361.870 GC heap before
{Heap before GC invocations=40 (full 4):
 garbage-first heap   total 75776K, used 49721K [0x00000000c2000000, 0x0000000100000000)
  region size 1024K, 28 young (28672K), 5 survivors (5120K)
 Metaspace       used 68519K, committed 69056K, reserved 1114112K
  class space    used 9160K, committed 9408K, reserved 1048576K
}
Event: 1363.231 GC heap after
{Heap after GC invocations=41 (full 5):
 garbage-first heap   total 75776K, used 21927K [0x00000000c2000000, 0x0000000100000000)
  region size 1024K, 0 young (0K), 0 survivors (0K)
 Metaspace       used 68059K, committed 68928K, reserved 1114112K
  class space    used 9111K, committed 9408K, reserved 1048576K
}
Event: 1366.089 GC heap before
{Heap before GC invocations=41 (full 5):
 garbage-first heap   total 75776K, used 57767K [0x00000000c2000000, 0x0000000100000000)
  region size 1024K, 35 young (35840K), 0 survivors (0K)
 Metaspace       used 68185K, committed 68928K, reserved 1114112K
  class space    used 9131K, committed 9408K, reserved 1048576K
}
Event: 1366.101 GC heap after
{Heap after GC invocations=42 (full 5):
 garbage-first heap   total 75776K, used 24955K [0x00000000c2000000, 0x0000000100000000)
  region size 1024K, 3 young (3072K), 3 survivors (3072K)
 Metaspace       used 68185K, committed 68928K, reserved 1114112K
  class space    used 9131K, committed 9408K, reserved 1048576K
}
Event: 1366.945 GC heap before
{Heap before GC invocations=42 (full 5):
 garbage-first heap   total 75776K, used 58747K [0x00000000c2000000, 0x0000000100000000)
  region size 1024K, 36 young (36864K), 3 survivors (3072K)
 Metaspace       used 68467K, committed 69056K, reserved 1114112K
  class space    used 9153K, committed 9408K, reserved 1048576K
}
Event: 1366.978 GC heap after
{Heap after GC invocations=43 (full 5):
 garbage-first heap   total 75776K, used 26718K [0x00000000c2000000, 0x0000000100000000)
  region size 1024K, 3 young (3072K), 3 survivors (3072K)
 Metaspace       used 68467K, committed 69056K, reserved 1114112K
  class space    used 9153K, committed 9408K, reserved 1048576K
}

Dll operation events (9 events):
Event: 0.010 Loaded shared library C:\Users\Roua\Downloads\spring-tool-suite-4-4.19.0.RELEASE-e4.28.0-win32.win32.x86_64.self-extracting\contents\sts-4.19.0.RELEASE\plugins\org.eclipse.justj.openjdk.hotspot.jre.full.win32.x86_64_17.0.7.v20230425-1502\jre\bin\java.dll
Event: 0.375 Loaded shared library C:\Users\Roua\Downloads\spring-tool-suite-4-4.19.0.RELEASE-e4.28.0-win32.win32.x86_64.self-extracting\contents\sts-4.19.0.RELEASE\plugins\org.eclipse.justj.openjdk.hotspot.jre.full.win32.x86_64_17.0.7.v20230425-1502\jre\bin\jimage.dl
Event: 0.391 Loaded shared library C:\Users\Roua\Downloads\spring-tool-suite-4-4.19.0.RELEASE-e4.28.0-win32.win32.x86_64.self-extracting\contents\sts-4.19.0.RELEASE\plugins\org.eclipse.justj.openjdk.hotspot.jre.full.win32.x86_64_17.0.7.v20230425-1502\jre\bin\net.dll
Event: 0.393 Loaded shared library C:\Users\Roua\Downloads\spring-tool-suite-4-4.19.0.RELEASE-e4.28.0-win32.win32.x86_64.self-extracting\contents\sts-4.19.0.RELEASE\plugins\org.eclipse.justj.openjdk.hotspot.jre.full.win32.x86_64_17.0.7.v20230425-1502\jre\bin\nio.dll
Event: 0.398 Loaded shared library C:\Users\Roua\Downloads\spring-tool-suite-4-4.19.0.RELEASE-e4.28.0-win32.win32.x86_64.self-extracting\contents\sts-4.19.0.RELEASE\plugins\org.eclipse.justj.openjdk.hotspot.jre.full.win32.x86_64_17.0.7.v20230425-1502\jre\bin\zip.dll
Event: 0.462 Loaded shared library C:\Users\Roua\Downloads\spring-tool-suite-4-4.19.0.RELEASE-e4.28.0-win32.win32.x86_64.self-extracting\contents\sts-4.19.0.RELEASE\plugins\org.eclipse.justj.openjdk.hotspot.jre.full.win32.x86_64_17.0.7.v20230425-1502\jre\bin\managemen
Event: 0.477 Loaded shared library C:\Users\Roua\Downloads\spring-tool-suite-4-4.19.0.RELEASE-e4.28.0-win32.win32.x86_64.self-extracting\contents\sts-4.19.0.RELEASE\plugins\org.eclipse.justj.openjdk.hotspot.jre.full.win32.x86_64_17.0.7.v20230425-1502\jre\bin\managemen
Event: 0.876 Loaded shared library C:\Users\Roua\Downloads\spring-tool-suite-4-4.19.0.RELEASE-e4.28.0-win32.win32.x86_64.self-extracting\contents\sts-4.19.0.RELEASE\plugins\org.eclipse.justj.openjdk.hotspot.jre.full.win32.x86_64_17.0.7.v20230425-1502\jre\bin\verify.dl
Event: 4.294 Loaded shared library C:\Users\Roua\Downloads\spring-tool-suite-4-4.19.0.RELEASE-e4.28.0-win32.win32.x86_64.self-extracting\contents\sts-4.19.0.RELEASE\plugins\org.eclipse.justj.openjdk.hotspot.jre.full.win32.x86_64_17.0.7.v20230425-1502\jre\bin\sunmscapi

Deoptimization events (12 events):
Event: 2.400 Thread 0x000002de5f664450 DEOPT PACKING pc=0x000002de52bd0e99 sp=0x000000f2343fc640
Event: 2.400 Thread 0x000002de5f664450 DEOPT UNPACKING pc=0x000002de52797143 sp=0x000000f2343fbb20 mode 3
Event: 3.496 Thread 0x000002de5f664450 DEOPT PACKING pc=0x000002de52be7514 sp=0x000000f2343fcb10
Event: 3.496 Thread 0x000002de5f664450 DEOPT UNPACKING pc=0x000002de52797143 sp=0x000000f2343fc068 mode 0
Event: 4.608 Thread 0x000002de5f664450 DEOPT PACKING pc=0x000002de52e6067d sp=0x000000f2343fb890
Event: 4.608 Thread 0x000002de5f664450 DEOPT UNPACKING pc=0x000002de52797143 sp=0x000000f2343fadf8 mode 3
Event: 8.294 Thread 0x000002de5f664450 DEOPT PACKING pc=0x000002de52c418c2 sp=0x000000f2343fd120
Event: 8.295 Thread 0x000002de5f664450 DEOPT UNPACKING pc=0x000002de52797143 sp=0x000000f2343fc628 mode 3
Event: 894.745 Thread 0x000002de60e7e5a0 DEOPT PACKING pc=0x000002de532e3afb sp=0x000000f2348f5f00
Event: 894.747 Thread 0x000002de60e7e5a0 DEOPT UNPACKING pc=0x000002de52797143 sp=0x000000f2348f5428 mode 3
Event: 894.897 Thread 0x000002de60e7e5a0 DEOPT PACKING pc=0x000002de5331a02b sp=0x000000f2348fd210
Event: 894.897 Thread 0x000002de60e7e5a0 DEOPT UNPACKING pc=0x000002de52797143 sp=0x000000f2348fc720 mode 3

Classes unloaded (20 events):
Event: 1362.128 Thread 0x000002de5a6ec540 Unloading class 0x0000000100180d30 'com/sb/STARTBUY/services/UsersServices'
Event: 1362.128 Thread 0x000002de5a6ec540 Unloading class 0x0000000100180b38 'com/sb/STARTBUY/services/InterfaceUsersServices'
Event: 1362.128 Thread 0x000002de5a6ec540 Unloading class 0x00000001001808e0 'com/sb/STARTBUY/services/ShoppingListServices'
Event: 1362.128 Thread 0x000002de5a6ec540 Unloading class 0x00000001001806e8 'com/sb/STARTBUY/services/InterfaceShoppingListServices'
Event: 1362.128 Thread 0x000002de5a6ec540 Unloading class 0x00000001001804c0 'com/sb/STARTBUY/services/RoleServices'
Event: 1362.128 Thread 0x000002de5a6ec540 Unloading class 0x00000001001802c8 'com/sb/STARTBUY/services/InterfaceRole'
Event: 1362.134 Thread 0x000002de5a6ec540 Unloading class 0x0000000100180000 'com/sb/STARTBUY/services/ProductsServices'
Event: 1362.134 Thread 0x000002de5a6ec540 Unloading class 0x000000010026dca0 'com/sb/STARTBUY/services/InterfaceProductsServices'
Event: 1362.134 Thread 0x000002de5a6ec540 Unloading class 0x000000010026da68 'com/sb/STARTBUY/services/ImageUserService'
Event: 1362.134 Thread 0x000002de5a6ec540 Unloading class 0x000000010026d870 'com/sb/STARTBUY/services/InterfaceImageService'
Event: 1362.145 Thread 0x000002de5a6ec540 Unloading class 0x000000010026d638 'com/sb/STARTBUY/services/ImageProductService'
Event: 1362.145 Thread 0x000002de5a6ec540 Unloading class 0x000000010026d440 'com/sb/STARTBUY/services/InterfaceImageProductService'
Event: 1362.145 Thread 0x000002de5a6ec540 Unloading class 0x000000010026d1f8 'com/sb/STARTBUY/services/FavouriteListService'
Event: 1362.145 Thread 0x000002de5a6ec540 Unloading class 0x000000010026d000 'com/sb/STARTBUY/services/InterfaceFavouriteListService'
Event: 1362.145 Thread 0x000002de5a6ec540 Unloading class 0x0000000100344438 'com/sb/STARTBUY/controller/UsersController'
Event: 1362.145 Thread 0x000002de5a6ec540 Unloading class 0x0000000100344210 'com/sb/STARTBUY/controller/ShoppingListController'
Event: 1362.145 Thread 0x000002de5a6ec540 Unloading class 0x0000000100344000 'com/sb/STARTBUY/controller/RoleController'
Event: 1362.150 Thread 0x000002de5a6ec540 Unloading class 0x00000001008b8420 'com/sb/STARTBUY/controller/ProductsController'
Event: 1362.150 Thread 0x000002de5a6ec540 Unloading class 0x00000001008b8200 'com/sb/STARTBUY/controller/FavouriteListController'
Event: 1362.150 Thread 0x000002de5a6ec540 Unloading class 0x00000001008b8000 'com/sb/STARTBUY/StartbuyApplication'

Classes redefined (0 events):
No events

Internal exceptions (20 events):
Event: 1365.271 Thread 0x000002de60e815c0 Exception <a 'java/lang/NoClassDefFoundError'{0x00000000c5290e80}: org/jooq/DSLContext> (0x00000000c5290e80) 
thrown [s\src\hotspot\share\oops\constantPool.cpp, line 835]
Event: 1365.272 Thread 0x000002de60e815c0 Exception <a 'java/lang/NoClassDefFoundError'{0x00000000c529dba0}: org/springframework/batch/core/repository/JobRepository> (0x00000000c529dba0) 
thrown [s\src\hotspot\share\oops\constantPool.cpp, line 835]
Event: 1365.272 Thread 0x000002de60e815c0 Exception <a 'java/lang/NoClassDefFoundError'{0x00000000c529e1e8}: org/quartz/Scheduler> (0x00000000c529e1e8) 
thrown [s\src\hotspot\share\oops\constantPool.cpp, line 835]
Event: 1365.272 Thread 0x000002de60e815c0 Exception <a 'java/lang/NoClassDefFoundError'{0x00000000c529e858}: org/springframework/session/jdbc/JdbcIndexedSessionRepository> (0x00000000c529e858) 
thrown [s\src\hotspot\share\oops\constantPool.cpp, line 835]
Event: 1365.483 Thread 0x000002de60e815c0 Exception <a 'sun/nio/fs/WindowsException'{0x00000000c4dee5a8}> (0x00000000c4dee5a8) 
thrown [s\src\hotspot\share\prims\jni.cpp, line 516]
Event: 1365.484 Thread 0x000002de60e815c0 Exception <a 'sun/nio/fs/WindowsException'{0x00000000c4deebb0}> (0x00000000c4deebb0) 
thrown [s\src\hotspot\share\prims\jni.cpp, line 516]
Event: 1365.485 Thread 0x000002de60e815c0 Exception <a 'sun/nio/fs/WindowsException'{0x00000000c4def288}> (0x00000000c4def288) 
thrown [s\src\hotspot\share\prims\jni.cpp, line 516]
Event: 1365.515 Thread 0x000002de60e815c0 Exception <a 'java/io/FileNotFoundException'{0x00000000c4c21108}> (0x00000000c4c21108) 
thrown [s\src\hotspot\share\prims\jni.cpp, line 516]
Event: 1365.599 Thread 0x000002de60e815c0 Exception <a 'java/io/FileNotFoundException'{0x00000000c4b95ce0}> (0x00000000c4b95ce0) 
thrown [s\src\hotspot\share\prims\jni.cpp, line 516]
Event: 1366.588 Thread 0x000002de60e815c0 Exception <a 'java/lang/ClassNotFoundException'{0x00000000c5f640b8}: java/lang/ObjectCustomizer> (0x00000000c5f640b8) 
thrown [s\src\hotspot\share\classfile\systemDictionary.cpp, line 256]
Event: 1366.589 Thread 0x000002de60e815c0 Exception <a 'java/lang/ClassNotFoundException'{0x00000000c5f6ed80}: com/sb/STARTBUY/entites/ProductsCustomizer> (0x00000000c5f6ed80) 
thrown [s\src\hotspot\share\classfile\systemDictionary.cpp, line 256]
Event: 1366.595 Thread 0x000002de60e815c0 Exception <a 'java/lang/ClassNotFoundException'{0x00000000c5fbff50}: java/lang/ObjectCustomizer> (0x00000000c5fbff50) 
thrown [s\src\hotspot\share\classfile\systemDictionary.cpp, line 256]
Event: 1366.596 Thread 0x000002de60e815c0 Exception <a 'java/lang/ClassNotFoundException'{0x00000000c5fc9ec8}: com/sb/STARTBUY/entites/UsersCustomizer> (0x00000000c5fc9ec8) 
thrown [s\src\hotspot\share\classfile\systemDictionary.cpp, line 256]
Event: 1366.603 Thread 0x000002de60e815c0 Exception <a 'java/lang/ClassNotFoundException'{0x00000000c5e4ea20}: java/lang/ObjectCustomizer> (0x00000000c5e4ea20) 
thrown [s\src\hotspot\share\classfile\systemDictionary.cpp, line 256]
Event: 1366.605 Thread 0x000002de60e815c0 Exception <a 'java/lang/ClassNotFoundException'{0x00000000c5e58a98}: com/sb/STARTBUY/entites/ImageUserCustomizer> (0x00000000c5e58a98) 
thrown [s\src\hotspot\share\classfile\systemDictionary.cpp, line 256]
Event: 1366.611 Thread 0x000002de60e815c0 Exception <a 'java/lang/ClassNotFoundException'{0x00000000c5eadb20}: java/lang/ObjectCustomizer> (0x00000000c5eadb20) 
thrown [s\src\hotspot\share\classfile\systemDictionary.cpp, line 256]
Event: 1366.613 Thread 0x000002de60e815c0 Exception <a 'java/lang/ClassNotFoundException'{0x00000000c5eb7bd8}: com/sb/STARTBUY/entites/ImageProductCustomizer> (0x00000000c5eb7bd8) 
thrown [s\src\hotspot\share\classfile\systemDictionary.cpp, line 256]
Event: 1366.865 Thread 0x000002de60e815c0 Exception <a 'java/lang/ClassNotFoundException'{0x00000000c4d0e120}: java/lang/ObjectCustomizer> (0x00000000c4d0e120) 
thrown [s\src\hotspot\share\classfile\systemDictionary.cpp, line 256]
Event: 1366.868 Thread 0x000002de60e815c0 Exception <a 'java/lang/ClassNotFoundException'{0x00000000c4d17fa8}: com/sb/STARTBUY/entites/RoleCustomizer> (0x00000000c4d17fa8) 
thrown [s\src\hotspot\share\classfile\systemDictionary.cpp, line 256]
Event: 1497.303 Thread 0x000002de60e810f0 Exception <a 'java/lang/InterruptedException'{0x00000000c54eff78}: sleep interrupted> (0x00000000c54eff78) 
thrown [s\src\hotspot\share\prims\jvm.cpp, line 3070]

VM Operations (20 events):
Event: 1293.733 Executing VM operation: Cleanup done
Event: 1361.759 Executing VM operation: Cleanup
Event: 1361.777 Executing VM operation: Cleanup done
Event: 1361.865 Executing VM operation: G1CollectFull
Event: 1363.231 Executing VM operation: G1CollectFull done
Event: 1364.232 Executing VM operation: Cleanup
Event: 1364.435 Executing VM operation: Cleanup done
Event: 1365.436 Executing VM operation: Cleanup
Event: 1365.439 Executing VM operation: Cleanup done
Event: 1366.089 Executing VM operation: G1CollectForAllocation
Event: 1366.101 Executing VM operation: G1CollectForAllocation done
Event: 1366.945 Executing VM operation: G1CollectForAllocation
Event: 1366.978 Executing VM operation: G1CollectForAllocation done
Event: 1368.978 Executing VM operation: Cleanup
Event: 1368.979 Executing VM operation: Cleanup done
Event: 1465.169 Executing VM operation: Cleanup
Event: 1465.176 Executing VM operation: Cleanup done
Event: 1496.469 Executing VM operation: Cleanup
Event: 1496.861 Executing VM operation: Cleanup done
Event: 1498.756 Executing VM operation: G1CollectFull

Events (20 events):
Event: 1495.061 Thread 0x000002de60e7dc00 Thread added: 0x000002de60e7dc00
Event: 1495.066 Thread 0x000002de60e7d260 Thread exited: 0x000002de60e7d260
Event: 1495.955 Thread 0x000002de60e81f60 Thread exited: 0x000002de60e81f60
Event: 1497.243 Thread 0x000002de60e80750 Thread exited: 0x000002de60e80750
Event: 1497.293 Thread 0x000002de60e7f410 Thread exited: 0x000002de60e7f410
Event: 1497.295 Thread 0x000002de60e7ef40 Thread exited: 0x000002de60e7ef40
Event: 1497.295 Thread 0x000002de60e7fdb0 Thread exited: 0x000002de60e7fdb0
Event: 1497.295 Thread 0x000002de60e80280 Thread exited: 0x000002de60e80280
Event: 1497.295 Thread 0x000002de60e7bf20 Thread exited: 0x000002de60e7bf20
Event: 1497.295 Thread 0x000002de60e7ea70 Thread exited: 0x000002de60e7ea70
Event: 1497.295 Thread 0x000002de60e7c8c0 Thread exited: 0x000002de60e7c8c0
Event: 1497.295 Thread 0x000002de60e7d730 Thread exited: 0x000002de60e7d730
Event: 1497.295 Thread 0x000002de60e81a90 Thread exited: 0x000002de60e81a90
Event: 1497.295 Thread 0x000002de60e7b0b0 Thread exited: 0x000002de60e7b0b0
Event: 1497.319 Thread 0x000002de60e810f0 Thread exited: 0x000002de60e810f0
Event: 1497.376 Thread 0x000002de60e7f8e0 Thread exited: 0x000002de60e7f8e0
Event: 1497.377 Thread 0x000002de60e7c3f0 Thread exited: 0x000002de60e7c3f0
Event: 1498.487 Thread 0x000002de60e7ea70 Thread added: 0x000002de60e7ea70
Event: 1498.494 Thread 0x000002de60e7ba50 Thread exited: 0x000002de60e7ba50
Event: 1498.671 Thread 0x000002de60e7ea70 Thread exited: 0x000002de60e7ea70


Dynamic libraries:
0x00007ff758bb0000 - 0x00007ff758bbe000 	C:\Users\Roua\Downloads\spring-tool-suite-4-4.19.0.RELEASE-e4.28.0-win32.win32.x86_64.self-extracting\contents\sts-4.19.0.RELEASE\plugins\org.eclipse.justj.openjdk.hotspot.jre.full.win32.x86_64_17.0.7.v20230425-1502\jre\bin\javaw.exe
0x00007ff9b2450000 - 0x00007ff9b2648000 	C:\Windows\SYSTEM32\ntdll.dll
0x00007ff980180000 - 0x00007ff980199000 	C:\Program Files\Avast Software\Avast\aswhook.dll
0x00007ff9b0e20000 - 0x00007ff9b0edf000 	C:\Windows\System32\KERNEL32.DLL
0x00007ff9afdc0000 - 0x00007ff9b00b6000 	C:\Windows\System32\KERNELBASE.dll
0x00007ff9b00c0000 - 0x00007ff9b01c0000 	C:\Windows\System32\ucrtbase.dll
0x00007ff999db0000 - 0x00007ff999dc7000 	C:\Users\Roua\Downloads\spring-tool-suite-4-4.19.0.RELEASE-e4.28.0-win32.win32.x86_64.self-extracting\contents\sts-4.19.0.RELEASE\plugins\org.eclipse.justj.openjdk.hotspot.jre.full.win32.x86_64_17.0.7.v20230425-1502\jre\bin\jli.dll
0x00007ff999d90000 - 0x00007ff999da9000 	C:\Users\Roua\Downloads\spring-tool-suite-4-4.19.0.RELEASE-e4.28.0-win32.win32.x86_64.self-extracting\contents\sts-4.19.0.RELEASE\plugins\org.eclipse.justj.openjdk.hotspot.jre.full.win32.x86_64_17.0.7.v20230425-1502\jre\bin\VCRUNTIME140.dll
0x00007ff9b1e10000 - 0x00007ff9b1fad000 	C:\Windows\System32\USER32.dll
0x00007ff9b0360000 - 0x00007ff9b0382000 	C:\Windows\System32\win32u.dll
0x00007ff9a0a90000 - 0x00007ff9a0d2a000 	C:\Windows\WinSxS\amd64_microsoft.windows.common-controls_6595b64144ccf1df_6.0.19041.1110_none_60b5254171f9507e\COMCTL32.dll
0x00007ff9b05c0000 - 0x00007ff9b05ec000 	C:\Windows\System32\GDI32.dll
0x00007ff9b0390000 - 0x00007ff9b04a5000 	C:\Windows\System32\gdi32full.dll
0x00007ff9b2010000 - 0x00007ff9b20ae000 	C:\Windows\System32\msvcrt.dll
0x00007ff9b01c0000 - 0x00007ff9b025d000 	C:\Windows\System32\msvcp_win.dll
0x00007ff9b0d90000 - 0x00007ff9b0dc0000 	C:\Windows\System32\IMM32.DLL
0x00007ff9aa7e0000 - 0x00007ff9aa7ec000 	C:\Users\Roua\Downloads\spring-tool-suite-4-4.19.0.RELEASE-e4.28.0-win32.win32.x86_64.self-extracting\contents\sts-4.19.0.RELEASE\plugins\org.eclipse.justj.openjdk.hotspot.jre.full.win32.x86_64_17.0.7.v20230425-1502\jre\bin\vcruntime140_1.dll
0x00007ff97fee0000 - 0x00007ff97ff71000 	C:\Users\Roua\Downloads\spring-tool-suite-4-4.19.0.RELEASE-e4.28.0-win32.win32.x86_64.self-extracting\contents\sts-4.19.0.RELEASE\plugins\org.eclipse.justj.openjdk.hotspot.jre.full.win32.x86_64_17.0.7.v20230425-1502\jre\bin\msvcp140.dll
0x00007ff96c2f0000 - 0x00007ff96cf38000 	C:\Users\Roua\Downloads\spring-tool-suite-4-4.19.0.RELEASE-e4.28.0-win32.win32.x86_64.self-extracting\contents\sts-4.19.0.RELEASE\plugins\org.eclipse.justj.openjdk.hotspot.jre.full.win32.x86_64_17.0.7.v20230425-1502\jre\bin\server\jvm.dll
0x00007ff9b08e0000 - 0x00007ff9b098f000 	C:\Windows\System32\ADVAPI32.dll
0x00007ff9b0c10000 - 0x00007ff9b0cac000 	C:\Windows\System32\sechost.dll
0x00007ff9b1520000 - 0x00007ff9b1646000 	C:\Windows\System32\RPCRT4.dll
0x00007ff99ff30000 - 0x00007ff99ff57000 	C:\Windows\SYSTEM32\WINMM.dll
0x00007ff99ff60000 - 0x00007ff99ff69000 	C:\Windows\SYSTEM32\WSOCK32.dll
0x00007ff9a9770000 - 0x00007ff9a977a000 	C:\Windows\SYSTEM32\VERSION.dll
0x00007ff9b1da0000 - 0x00007ff9b1e0b000 	C:\Windows\System32\WS2_32.dll
0x00007ff9ae360000 - 0x00007ff9ae372000 	C:\Windows\SYSTEM32\kernel.appcore.dll
0x00007ff9ac220000 - 0x00007ff9ac22a000 	C:\Users\Roua\Downloads\spring-tool-suite-4-4.19.0.RELEASE-e4.28.0-win32.win32.x86_64.self-extracting\contents\sts-4.19.0.RELEASE\plugins\org.eclipse.justj.openjdk.hotspot.jre.full.win32.x86_64_17.0.7.v20230425-1502\jre\bin\jimage.dll
0x00007ff9ad8c0000 - 0x00007ff9adaa4000 	C:\Windows\SYSTEM32\DBGHELP.DLL
0x00007ff9a57e0000 - 0x00007ff9a5814000 	C:\Windows\SYSTEM32\dbgcore.DLL
0x00007ff9afb60000 - 0x00007ff9afbe2000 	C:\Windows\System32\bcryptPrimitives.dll
0x00007ff9a8cd0000 - 0x00007ff9a8cf5000 	C:\Users\Roua\Downloads\spring-tool-suite-4-4.19.0.RELEASE-e4.28.0-win32.win32.x86_64.self-extracting\contents\sts-4.19.0.RELEASE\plugins\org.eclipse.justj.openjdk.hotspot.jre.full.win32.x86_64_17.0.7.v20230425-1502\jre\bin\java.dll
0x00007ff9aa2e0000 - 0x00007ff9aa2f8000 	C:\Users\Roua\Downloads\spring-tool-suite-4-4.19.0.RELEASE-e4.28.0-win32.win32.x86_64.self-extracting\contents\sts-4.19.0.RELEASE\plugins\org.eclipse.justj.openjdk.hotspot.jre.full.win32.x86_64_17.0.7.v20230425-1502\jre\bin\zip.dll
0x00007ff9b1650000 - 0x00007ff9b1d94000 	C:\Windows\System32\SHELL32.dll
0x00007ff9adab0000 - 0x00007ff9ae243000 	C:\Windows\SYSTEM32\windows.storage.dll
0x00007ff9b20b0000 - 0x00007ff9b2404000 	C:\Windows\System32\combase.dll
0x00007ff9af570000 - 0x00007ff9af59e000 	C:\Windows\SYSTEM32\Wldp.dll
0x00007ff9b0740000 - 0x00007ff9b07ed000 	C:\Windows\System32\SHCORE.dll
0x00007ff9b0dc0000 - 0x00007ff9b0e15000 	C:\Windows\System32\shlwapi.dll
0x00007ff9afa60000 - 0x00007ff9afa85000 	C:\Windows\SYSTEM32\profapi.dll
0x00007ff9a0e60000 - 0x00007ff9a0e79000 	C:\Users\Roua\Downloads\spring-tool-suite-4-4.19.0.RELEASE-e4.28.0-win32.win32.x86_64.self-extracting\contents\sts-4.19.0.RELEASE\plugins\org.eclipse.justj.openjdk.hotspot.jre.full.win32.x86_64_17.0.7.v20230425-1502\jre\bin\net.dll
0x00007ff9a6a40000 - 0x00007ff9a6b4a000 	C:\Windows\SYSTEM32\WINHTTP.dll
0x00007ff9af2d0000 - 0x00007ff9af33a000 	C:\Windows\system32\mswsock.dll
0x00007ff99f720000 - 0x00007ff99f735000 	C:\Users\Roua\Downloads\spring-tool-suite-4-4.19.0.RELEASE-e4.28.0-win32.win32.x86_64.self-extracting\contents\sts-4.19.0.RELEASE\plugins\org.eclipse.justj.openjdk.hotspot.jre.full.win32.x86_64_17.0.7.v20230425-1502\jre\bin\nio.dll
0x00007ff9aa4c0000 - 0x00007ff9aa4c9000 	C:\Users\Roua\Downloads\spring-tool-suite-4-4.19.0.RELEASE-e4.28.0-win32.win32.x86_64.self-extracting\contents\sts-4.19.0.RELEASE\plugins\org.eclipse.justj.openjdk.hotspot.jre.full.win32.x86_64_17.0.7.v20230425-1502\jre\bin\management.dll
0x00007ff9a9fe0000 - 0x00007ff9a9feb000 	C:\Users\Roua\Downloads\spring-tool-suite-4-4.19.0.RELEASE-e4.28.0-win32.win32.x86_64.self-extracting\contents\sts-4.19.0.RELEASE\plugins\org.eclipse.justj.openjdk.hotspot.jre.full.win32.x86_64_17.0.7.v20230425-1502\jre\bin\management_ext.dll
0x00007ff9b0ef0000 - 0x00007ff9b0ef8000 	C:\Windows\System32\PSAPI.DLL
0x00007ff97ed40000 - 0x00007ff97ed57000 	C:\Windows\system32\napinsp.dll
0x00007ff97ed20000 - 0x00007ff97ed3b000 	C:\Windows\system32\pnrpnsp.dll
0x00007ff97ed00000 - 0x00007ff97ed15000 	C:\Windows\system32\wshbth.dll
0x00007ff9acaa0000 - 0x00007ff9acabd000 	C:\Windows\system32\NLAapi.dll
0x00007ff9aef70000 - 0x00007ff9aefab000 	C:\Windows\SYSTEM32\IPHLPAPI.DLL
0x00007ff9aefc0000 - 0x00007ff9af08a000 	C:\Windows\SYSTEM32\DNSAPI.dll
0x00007ff9b0990000 - 0x00007ff9b0998000 	C:\Windows\System32\NSI.dll
0x00007ff97ece0000 - 0x00007ff97ecf2000 	C:\Windows\System32\winrnr.dll
0x00007ff99f990000 - 0x00007ff99f99a000 	C:\Windows\System32\rasadhlp.dll
0x00007ff9a0680000 - 0x00007ff9a0702000 	C:\Windows\System32\fwpuclnt.dll
0x00007ff9afb30000 - 0x00007ff9afb57000 	C:\Windows\System32\bcrypt.dll
0x00007ff9af4c0000 - 0x00007ff9af4d8000 	C:\Windows\SYSTEM32\CRYPTSP.dll
0x00007ff9aeb70000 - 0x00007ff9aeba4000 	C:\Windows\system32\rsaenh.dll
0x00007ff9afa20000 - 0x00007ff9afa4e000 	C:\Windows\SYSTEM32\USERENV.dll
0x00007ff9af4e0000 - 0x00007ff9af4ec000 	C:\Windows\SYSTEM32\CRYPTBASE.dll
0x00007ff9a7e60000 - 0x00007ff9a7e77000 	C:\Windows\SYSTEM32\dhcpcsvc6.DLL
0x00007ff9a7ef0000 - 0x00007ff9a7f0d000 	C:\Windows\SYSTEM32\dhcpcsvc.DLL
0x00007ff9ac870000 - 0x00007ff9ac880000 	C:\Users\Roua\Downloads\spring-tool-suite-4-4.19.0.RELEASE-e4.28.0-win32.win32.x86_64.self-extracting\contents\sts-4.19.0.RELEASE\plugins\org.eclipse.justj.openjdk.hotspot.jre.full.win32.x86_64_17.0.7.v20230425-1502\jre\bin\verify.dll
0x00007ff9ac1f0000 - 0x00007ff9ac1fe000 	C:\Users\Roua\Downloads\spring-tool-suite-4-4.19.0.RELEASE-e4.28.0-win32.win32.x86_64.self-extracting\contents\sts-4.19.0.RELEASE\plugins\org.eclipse.justj.openjdk.hotspot.jre.full.win32.x86_64_17.0.7.v20230425-1502\jre\bin\sunmscapi.dll
0x00007ff9afbf0000 - 0x00007ff9afd4e000 	C:\Windows\System32\CRYPT32.dll
0x00007ff9af5e0000 - 0x00007ff9af608000 	C:\Windows\SYSTEM32\ncrypt.dll
0x00007ff9af5a0000 - 0x00007ff9af5db000 	C:\Windows\SYSTEM32\NTASN1.dll
0x00007ff9ac1d0000 - 0x00007ff9ac1d7000 	C:\Windows\system32\wshunix.dll

dbghelp: loaded successfully - version: 4.0.5 - missing functions: none
symbol engine: initialized successfully - sym options: 0x614 - pdb path: .;C:\Users\Roua\Downloads\spring-tool-suite-4-4.19.0.RELEASE-e4.28.0-win32.win32.x86_64.self-extracting\contents\sts-4.19.0.RELEASE\plugins\org.eclipse.justj.openjdk.hotspot.jre.full.win32.x86_64_17.0.7.v20230425-1502\jre\bin;C:\Windows\SYSTEM32;C:\Program Files\Avast Software\Avast;C:\Windows\WinSxS\amd64_microsoft.windows.common-controls_6595b64144ccf1df_6.0.19041.1110_none_60b5254171f9507e;C:\Users\Roua\Downloads\spring-tool-suite-4-4.19.0.RELEASE-e4.28.0-win32.win32.x86_64.self-extracting\contents\sts-4.19.0.RELEASE\plugins\org.eclipse.justj.openjdk.hotspot.jre.full.win32.x86_64_17.0.7.v20230425-1502\jre\bin\server

VM Arguments:
jvm_args: -Dcom.sun.management.jmxremote -Dcom.sun.management.jmxremote.port=50744 -Dcom.sun.management.jmxremote.authenticate=false -Dcom.sun.management.jmxremote.ssl=false -Djava.rmi.server.hostname=localhost -Dspring.jmx.enabled=true -Dmanagement.endpoints.jmx.exposure.include=* -Dspring.application.admin.enabled=true -XX:TieredStopAtLevel=1 -Dspring.boot.project.name=STARTBUY -Dfile.encoding=UTF-8 -XX:+ShowCodeDetailsInExceptionMessages 
java_command: com.sb.STARTBUY.StartbuyApplication --spring.output.ansi.enabled=always
java_class_path (initial): C:\Users\Roua\Downloads\STARTBUY\STARTBUY\target\classes;C:\Users\Roua\.m2\repository\org\springframework\boot\spring-boot-starter-web\2.7.13\spring-boot-starter-web-2.7.13.jar;C:\Users\Roua\.m2\repository\org\springframework\boot\spring-boot-starter\2.7.13\spring-boot-starter-2.7.13.jar;C:\Users\Roua\.m2\repository\org\springframework\boot\spring-boot-starter-logging\2.7.13\spring-boot-starter-logging-2.7.13.jar;C:\Users\Roua\.m2\repository\ch\qos\logback\logback-classic\1.2.12\logback-classic-1.2.12.jar;C:\Users\Roua\.m2\repository\ch\qos\logback\logback-core\1.2.12\logback-core-1.2.12.jar;C:\Users\Roua\.m2\repository\org\apache\logging\log4j\log4j-to-slf4j\2.17.2\log4j-to-slf4j-2.17.2.jar;C:\Users\Roua\.m2\repository\org\apache\logging\log4j\log4j-api\2.17.2\log4j-api-2.17.2.jar;C:\Users\Roua\.m2\repository\org\slf4j\jul-to-slf4j\1.7.36\jul-to-slf4j-1.7.36.jar;C:\Users\Roua\.m2\repository\jakarta\annotation\jakarta.annotation-api\1.3.5\jakarta.annotation-api-1.3.5.jar;C:\Users\Roua\.m2\repository\org\yaml\snakeyaml\1.30\snakeyaml-1.30.jar;C:\Users\Roua\.m2\repository\org\springframework\boot\spring-boot-starter-json\2.7.13\spring-boot-starter-json-2.7.13.jar;C:\Users\Roua\.m2\repository\com\fasterxml\jackson\core\jackson-databind\2.13.5\jackson-databind-2.13.5.jar;C:\Users\Roua\.m2\repository\com\fasterxml\jackson\core\jackson-annotations\2.13.5\jackson-annotations-2.13.5.jar;C:\Users\Roua\.m2\repository\com\fasterxml\jackson\core\jackson-core\2.13.5\jackson-core-2.13.5.jar;C:\Users\Roua\.m2\repository\com\fasterxml\jackson\datatype\jackson-datatype-jdk8\2.13.5\jackson-datatype-jdk8-2.13.5.jar;C:\Users\Roua\.m2\repository\com\fasterxml\jackson\datatype\jackson-datatype-jsr310\2.13.5\jackson-datatype-jsr310-2.13.5.jar;C:\Users\Roua\.m2\repository\com\fasterxml\jackson\module\jackson-module-parameter-names\2.13.5\jackson-module-parameter-names-2.13.5.jar;C:\Users\Roua\.m2\repository\org\springframework\boot\spring-boot-starter-tomcat\2.
Launcher Type: SUN_STANDARD

[Global flags]
     intx CICompilerCount                          = 3                                         {product} {ergonomic}
     uint ConcGCThreads                            = 1                                         {product} {ergonomic}
     uint G1ConcRefinementThreads                  = 4                                         {product} {ergonomic}
   size_t G1HeapRegionSize                         = 1048576                                   {product} {ergonomic}
    uintx GCDrainStackTargetSize                   = 64                                        {product} {ergonomic}
   size_t InitialHeapSize                          = 65011712                                  {product} {ergonomic}
     bool ManagementServer                         = true                                      {product} {command line}
   size_t MarkStackSize                            = 4194304                                   {product} {ergonomic}
   size_t MaxHeapSize                              = 1040187392                                {product} {ergonomic}
   size_t MaxNewSize                               = 623902720                                 {product} {ergonomic}
   size_t MinHeapDeltaBytes                        = 1048576                                   {product} {ergonomic}
   size_t MinHeapSize                              = 8388608                                   {product} {ergonomic}
    uintx NonProfiledCodeHeapSize                  = 0                                      {pd product} {ergonomic}
     bool ProfileInterpreter                       = false                                  {pd product} {command line}
    uintx ProfiledCodeHeapSize                     = 0                                      {pd product} {ergonomic}
     bool ShowCodeDetailsInExceptionMessages       = true                                   {manageable} {command line}
   size_t SoftMaxHeapSize                          = 1040187392                             {manageable} {ergonomic}
     intx TieredStopAtLevel                        = 1                                         {product} {command line}
     bool UseCompressedClassPointers               = true                           {product lp64_product} {ergonomic}
     bool UseCompressedOops                        = true                           {product lp64_product} {ergonomic}
     bool UseG1GC                                  = true                                      {product} {ergonomic}
     bool UseLargePagesIndividualAllocation        = false                                  {pd product} {ergonomic}

Logging:
Log output configuration:
 #0: stdout all=warning uptime,level,tags
 #1: stderr all=off uptime,level,tags

Environment Variables:
PATH=C:/Users/Roua/Downloads/spring-tool-suite-4-4.19.0.RELEASE-e4.28.0-win32.win32.x86_64.self-extracting/contents/sts-4.19.0.RELEASE//plugins/org.eclipse.justj.openjdk.hotspot.jre.full.win32.x86_64_17.0.7.v20230425-1502/jre/bin/server;C:/Users/Roua/Downloads/spring-tool-suite-4-4.19.0.RELEASE-e4.28.0-win32.win32.x86_64.self-extracting/contents/sts-4.19.0.RELEASE//plugins/org.eclipse.justj.openjdk.hotspot.jre.full.win32.x86_64_17.0.7.v20230425-1502/jre/bin;C:\xamp\php;C:\oracle\product\10.2.0\db_6\bin;C:\oracle\product\10.2.0\db_5\bin;C:\oracle\product\10.2.0\db_4\bin;C:\oracle\product\10.2.0\db_3\bin;C:\oracle\product\10.2.0\db_2\bin;C:\oracle\product\10.2.0\db_1\bin;C:\Windows\system32;C:\Windows;C:\Windows\System32\Wbem;C:\Windows\System32\WindowsPowerShell\v1.0\;C:\Windows\System32\OpenSSH\;C:\Program Files\nodejs\;C:\ProgramData\chocolatey\bin;C:\Program Files\Git\cmd;C:\xamp\phpMyAdmin;C:\Users\Roua\AppData\Local\Programs\Python\Python311\Scripts\;C:\Users\Roua\AppData\Local\Programs\Python\Python311\;C:\Users\Roua\AppData\Local\Microsoft\WindowsApps;C:\Users\Roua\AppData\Local\Programs\Microsoft VS Code\bin;C:\Program Files\CodeBlocks\MinGW\bin;C:\Users\Roua\AppData\Roaming\npm;C:\Users\Roua\AppData\Local\GitHubDesktop\bin;C:\Users\Roua\Downloads\spring-tool-suite-4-4.19.0.RELEASE-e4.28.0-win32.win32.x86_64.self-extracting\contents\sts-4.19.0.RELEASE;
USERNAME=Roua
OS=Windows_NT
PROCESSOR_IDENTIFIER=Intel64 Family 6 Model 142 Stepping 9, GenuineIntel
TMP=C:\Users\Roua\AppData\Local\Temp
TEMP=C:\Users\Roua\AppData\Local\Temp



---------------  S Y S T E M  ---------------

OS:
 Windows 10 , 64 bit Build 19041 (10.0.19041.3155)
OS uptime: 8 days 1:47 hours

CPU: total 4 (initial active 4) (2 cores per cpu, 2 threads per core) family 6 model 142 stepping 9 microcode 0xb4, cx8, cmov, fxsr, ht, mmx, 3dnowpref, sse, sse2, sse3, ssse3, sse4.1, sse4.2, popcnt, lzcnt, tsc, tscinvbit, avx, avx2, aes, erms, clmul, bmi1, bmi2, adx, fma, vzeroupper, clflush, clflushopt

Memory: 4k page, system-wide physical 3962M (224M free)
TotalPageFile size 16250M (AvailPageFile size 5M)
current process WorkingSet (physical memory assigned to process): 39M, peak: 192M
current process commit charge ("private bytes"): 249M, peak: 262M

vm_info: OpenJDK 64-Bit Server VM (17.0.7+7) for windows-amd64 JRE (17.0.7+7), built on Apr 18 2023 22:10:42 by "temurin" with MS VC++ 16.7 (VS2019)

END.
